This is LuaHBTeX, Version 1.12.0 (TeX Live 2020 - Spack)  (format=lualatex 2022.8.25)  24 JAN 2025 17:56
 restricted system commands enabled.
**rule.tex
(./rule.tex
LaTeX2e <2020-02-02> patch level 5
Lua module: luaotfload-main 2020-02-02 3.12 luaotfload entry point
Lua module: luaotfload-init 2020-02-02 3.12 luaotfload submodule / initializatio
n
Lua module: lualibs 2020-02-02 2.70 ConTeXt Lua standard libraries.
Lua module: lualibs-extended 2020-02-02 2.70 ConTeXt Lua libraries -- extended c
ollection.
Lua module: luaotfload-log 2020-02-02 3.12 luaotfload submodule / logging
Lua module: luaotfload-parsers 2020-02-02 3.12 luaotfload submodule / filelist
Lua module: luaotfload-configuration 2020-02-02 3.12 luaotfload submodule / conf
ig file reader
luaotfload | conf : Root cache directory is /linkhome/rech/gendkn01/ujn76wl/.tex
live2020/texmf-var/luatex-cache/generic-dev/names.
luaotfload | init : Loading fontloader “fontloader-2020-01-26.lua” from kpse
-resolved path “/lustre/fshomisc/sup/hpe/spack_soft/texlive/20200406/gcc-8.4.1
-dmlrkk2kzxnenhalheplze6azx7sejn6/texmf-dist/tex/luatex/luaotfload/fontloader-20
20-01-26.lua”.
Lua-only attribute luaotfload@state = 2
Lua-only attribute luaotfload@noligature = 3
Lua-only attribute luaotfload@syllabe = 4
luaotfload | init : Context OpenType loader version “3.11”
Inserting `luaotfload.node_processor' at position 1 in `pre_linebreak_filter'.
Inserting `luaotfload.node_processor' at position 1 in `hpack_filter'.
Lua module: luaotfload-loaders 2020-02-02 3.12 luaotfload submodule / callback h
andling
Inserting `luaotfload.define_font' at position 1 in `define_font'.
Lua module: luaotfload-database 2020-02-02 3.12 luaotfload submodule / database
Lua module: luaotfload-unicode 2020-02-02 3.12 luaotfload submodule / Unicode he
lpers
Lua module: luaotfload-colors 2020-02-02 3.12 luaotfload submodule / color
Lua-only attribute luaotfload_color_attribute = 5
Lua module: luaotfload-resolvers 2020-02-02 3.12 luaotfload submodule / resolver
s
luaotfload | conf : Root cache directory is /linkhome/rech/gendkn01/ujn76wl/.tex
live2020/texmf-var/luatex-cache/generic-dev/names.
Lua module: luaotfload-features 2020-02-02 3.12 luaotfload submodule / features
Lua module: luaotfload-letterspace 2020-02-02 3.12 luaotfload submodule / color
Lua module: luaotfload-embolden 2020-02-02 3.12 luaotfload submodule / color
Lua module: luaotfload-notdef 2020-02-02 3.12 luaotfload submodule / color
Lua module: luaotfload-harf-define 2020-02-02 3.12 luaotfload submodule / databa
se
Lua module: luaotfload-script 2020-02-02 3.12 luaotfload submodule / Script help
ers
Inserting `luaotfload.harf.strip_prefix' at position 1 in `find_opentype_file'.
Inserting `luaotfload.harf.strip_prefix' at position 1 in `find_truetype_file'.
Lua module: luaotfload-harf-plug 2020-02-02 3.12 luaotfload submodule / database
Inserting `Harf pre_output_filter callback' at position 1 in `pre_output_filter'
.
Inserting `Harf wrapup_run callback' at position 1 in `wrapup_run'.
Inserting `Harf finish_pdffile callback' at position 1 in `finish_pdffile'.
Inserting `Harf glyph_info callback' at position 1 in `glyph_info'.
Lua module: luaotfload-auxiliary 2020-02-02 3.12 luaotfload submodule / auxiliar
y functions
Inserting `luaotfload.aux.set_sscale_dimens' at position 1 in `luaotfload.patch_
font'.
Inserting `luaotfload.aux.set_font_index' at position 2 in `luaotfload.patch_fon
t'.
Inserting `luaotfload.aux.patch_cambria_domh' at position 3 in `luaotfload.patch
_font'.
Inserting `luaotfload.aux.fixup_fontdata' at position 1 in `luaotfload.patch_fon
t_unsafe'.
Inserting `luaotfload.aux.set_capheight' at position 4 in `luaotfload.patch_font
'.
Inserting `luaotfload.aux.set_xheight' at position 5 in `luaotfload.patch_font'.
Lua module: luaotfload-fallback 2020-02-02 3.12 luaotfload submodule / fallback
Lua module: luaotfload-multiscript 2020-02-02 3.12 luaotfload submodule / multis
cript
Lua module: luaotfload-tounicode 2020-02-02 3.12 luaotfload submodule / tounicod
e
Inserting `luaotfload.rewrite_fontname' at position 6 in `luaotfload.patch_font'
. L3 programming layer <2020-03-06>
(/lustre/fshomisc/sup/hpe/spack_soft/texlive/20200406/gcc-8.4.1-dmlrkk2kzxnenha
lheplze6azx7sejn6/texmf-dist/tex/latex/memoir/memoir.cls
Document Class: memoir 2020/03/25 v3.7k configurable book, report, article docum
ent class
\onelineskip=\skip47
\lxvchars=\skip48
\xlvchars=\skip49
\@memcnta=\count163
\c@@memmarkcntra=\count164
LaTeX Info: Redefining \InputIfFileExists on input line 140.

(/lustre/fshomisc/sup/hpe/spack_soft/texlive/20200406/gcc-8.4.1-dmlrkk2kzxnenha
lheplze6azx7sejn6/texmf-dist/tex/generic/iftex/iftex.sty
Package: iftex 2020/03/06 v1.0d TeX engine tests
)
\stockheight=\skip50
\stockwidth=\skip51
\trimtop=\skip52
\trimedge=\skip53

(/lustre/fshomisc/sup/hpe/spack_soft/texlive/20200406/gcc-8.4.1-dmlrkk2kzxnenha
lheplze6azx7sejn6/texmf-dist/tex/latex/memoir/mem10.clo
File: mem10.clo 2008/01/30 v0.3 memoir class 10pt size option
luaotfload | db : Font names database loaded from /linkhome/rech/gendkn01/ujn76w
l/.texlive2020/texmf-var/luatex-cache/generic-dev/names/luaotfload-names.luc)
\binding=\skip54
\spinemargin=\skip55
\foremargin=\skip56
\uppermargin=\skip57
\lowermargin=\skip58
\headdrop=\skip59
\normalrulethickness=\skip60
\mem@maxheadheight=\skip61
\mem@maxfootheight=\skip62
\headwidth=\skip63
\c@storedpagenumber=\count165
\memPD=\dimen134
\m@mabparskip=\skip64
\thanksmarkwidth=\skip65
\thanksmarksep=\skip66
\droptitle=\skip67
\c@book=\count166
\c@part=\count167
\c@chapter=\count168
\c@section=\count169
\c@subsection=\count170
\c@subsubsection=\count171
\c@paragraph=\count172
\c@subparagraph=\count173
\beforechapskip=\skip68
\midchapskip=\skip69
\afterchapskip=\skip70
\chapindent=\skip71
\bottomsectionskip=\skip72
\secindent=\skip73
\beforesecskip=\skip74
\aftersecskip=\skip75
\subsecindent=\skip76
\beforesubsecskip=\skip77
\aftersubsecskip=\skip78
\subsubsecindent=\skip79
\beforesubsubsecskip=\skip80
\aftersubsubsecskip=\skip81
\paraindent=\skip82
\beforeparaskip=\skip83
\afterparaskip=\skip84
\subparaindent=\skip85
\beforesubparaskip=\skip86
\aftersubparaskip=\skip87
\pfbreakskip=\skip88
\c@@ppsavesec=\count174
\c@@ppsaveapp=\count175
\ragrparindent=\dimen135
\everylistparindent=\dimen136
\parsepi=\skip89
\topsepi=\skip90
\itemsepi=\skip91
\parsepii=\skip92
\topsepii=\skip93
\topsepiii=\skip94
\itemsepii=\skip95
\itemsepiii=\skip96
\partopsepii=\skip97
\partopsepiii=\skip98
\m@msavetopsep=\skip99
\m@msavepartopsep=\skip100
\@enLab=\toks15
\abstitleskip=\skip101
\absleftindent=\skip102
\abs@leftindent=\dimen137
\absrightindent=\skip103
\absparindent=\skip104
\absparsep=\skip105
\c@vslineno=\count176
\c@poemline=\count177
\c@modulo@vs=\count178
\c@memfvsline=\count179
\vleftskip=\skip106
\vrightskip=\skip107
\stanzaskip=\skip108
\versewidth=\skip109
\vgap=\skip110
\vindent=\skip111
\vleftmargin=\dimen138
\c@verse=\count180
\c@chrsinstr=\count181
\beforepoemtitleskip=\skip112
\afterpoemtitleskip=\skip113
\c@poem=\count182
\beforePoemTitleskip=\skip114
\midPoemTitleskip=\skip115
\afterPoemTitleskip=\skip116

(/lustre/fshomisc/sup/hpe/spack_soft/texlive/20200406/gcc-8.4.1-dmlrkk2kzxnenha
lheplze6azx7sejn6/texmf-dist/tex/latex/tools/array.sty
Package: array 2019/08/31 v2.4l Tabular extension package (FMi)
\col@sep=\dimen139
\ar@mcellbox=\box45
\extrarowheight=\dimen140
\NC@list=\toks16
\extratabsurround=\skip117
\backup@length=\skip118
\ar@cellbox=\box46
)
(/lustre/fshomisc/sup/hpe/spack_soft/texlive/20200406/gcc-8.4.1-dmlrkk2kzxnenha
lheplze6azx7sejn6/texmf-dist/tex/latex/tools/dcolumn.sty
Package: dcolumn 2014/10/28 v1.06 decimal alignment package (DPC)
)
(/lustre/fshomisc/sup/hpe/spack_soft/texlive/20200406/gcc-8.4.1-dmlrkk2kzxnenha
lheplze6azx7sejn6/texmf-dist/tex/latex/tools/delarray.sty
Package: delarray 2014/10/28 v1.01 array delimiter package (DPC)
)
(/lustre/fshomisc/sup/hpe/spack_soft/texlive/20200406/gcc-8.4.1-dmlrkk2kzxnenha
lheplze6azx7sejn6/texmf-dist/tex/latex/tools/tabularx.sty
Package: tabularx 2020/01/15 v2.11c `tabularx' package (DPC)
\TX@col@width=\dimen141
\TX@old@table=\dimen142
\TX@old@col=\dimen143
\TX@target=\dimen144
\TX@delta=\dimen145
\TX@cols=\count183
\TX@ftn=\toks17
)
\heavyrulewidth=\dimen146
\lightrulewidth=\dimen147
\cmidrulewidth=\dimen148
\belowrulesep=\dimen149
\belowbottomsep=\dimen150
\aboverulesep=\dimen151
\abovetopsep=\dimen152
\cmidrulesep=\dimen153
\cmidrulekern=\dimen154
\defaultaddspace=\dimen155
\@cmidla=\count184
\@cmidlb=\count185
\@aboverulesep=\dimen156
\@belowrulesep=\dimen157
\@thisruleclass=\count186
\@lastruleclass=\count187
\@thisrulewidth=\dimen158
\ctableftskip=\skip119
\ctabrightskip=\skip120
\abovecolumnspenalty=\count188
\@linestogo=\count189
\@cellstogo=\count190
\@cellsincolumn=\count191
\crtok=\toks18
\@mincolumnwidth=\dimen159
\c@newflo@tctr=\count192
\mem@margin@floatbox=\box47
\@contcwidth=\skip121
\@contindw=\skip122
\abovecaptionskip=\skip123
\belowcaptionskip=\skip124
\subfloattopskip=\skip125
\subfloatcapskip=\skip126
\subfloatcaptopadj=\skip127
\subfloatbottomskip=\skip128
\subfloatlabelskip=\skip129
\subfloatcapmargin=\dimen160
\c@@contsubnum=\count193
\m@mscap@capbox=\box48
\m@mscap@fbox=\box49
\sidecapsep=\dimen161
\sidecapwidth=\dimen162
\m@m@tempdima=\dimen163
\m@mscapraise=\dimen164
\sidecapraise=\dimen165
\m@mscapmainwidth=\dimen166
\m@mscaplkern=\dimen167
\beforeepigraphskip=\skip130
\afterepigraphskip=\skip131
\epigraphwidth=\skip132
\epigraphrule=\skip133
LaTeX Info: Redefining \em on input line 7664.
LaTeX Info: Redefining \emph on input line 7672.
\tocentryskip=\skip134
\tocbaseline=\skip135
\cftparskip=\skip136
\cftbeforebookskip=\skip137
\cftbookindent=\dimen168
\cftbooknumwidth=\dimen169
\cftbeforepartskip=\skip138
\cftpartindent=\skip139
\cftpartnumwidth=\skip140
\cftbeforechapterskip=\skip141
\cftchapterindent=\skip142
\cftchapternumwidth=\skip143
\cftbeforesectionskip=\skip144
\cftsectionindent=\skip145
\cftsectionnumwidth=\skip146
\cftbeforesubsectionskip=\skip147
\cftsubsectionindent=\skip148
\cftsubsectionnumwidth=\skip149
\cftbeforesubsubsectionskip=\skip150
\cftsubsubsectionindent=\skip151
\cftsubsubsectionnumwidth=\skip152
\cftbeforeparagraphskip=\skip153
\cftparagraphindent=\skip154
\cftparagraphnumwidth=\skip155
\cftbeforesubparagraphskip=\skip156
\cftsubparagraphindent=\skip157
\cftsubparagraphnumwidth=\skip158
\prechapterprecisshift=\dimen170
\c@maxsecnumdepth=\count194
\bibindent=\dimen171
\bibitemsep=\skip159
\indexcolsep=\skip160
\indexrule=\skip161
\indexmarkstyle=\toks19
\@indexbox=\insert199
\glossarycolsep=\dimen172
\glossaryrule=\dimen173
\sideparvshift=\skip162
\sideins=\insert198
\sidebartopsep=\skip163
\sidebarhsep=\skip164
\sidebarvsep=\skip165
\sidebarwidth=\skip166
\footmarkwidth=\skip167
\footmarksep=\skip168
\footparindent=\skip169
\footinsdim=\skip170
\footinsv@r=\insert197
\@mpfootinsv@r=\insert196
\m@m@k=\count195
\m@m@h=\dimen174
\m@mipn@skip=\skip171
\sidefootins=\insert252
\sidefootadjust=\skip172
\sidefootheight=\skip173
\sidefoothsep=\skip174
\sidefootvsep=\skip175
\sidefootwidth=\skip176
\m@mdownsf=\skip177
\c@sidefootnote=\count266
\sidefootmarkwidth=\skip178
\sidefootmarksep=\skip179
\sidefootparindent=\skip180
\c@pagenote=\count267
\c@pagenoteshadow=\count268
\mem@pn@lastkern=\skip181
\every@verbatim=\toks20
\afterevery@verbatim=\toks21
\verbatim@line=\toks22
\tab@position=\count269
\verbatim@in@stream=\read2
\verbatimindent=\skip182
\verbatim@out=\write3
\bvboxsep=\skip183
\c@memfbvline=\count270
\c@bvlinectr=\count271
\bvnumlength=\skip184
\fb@frw=\dimen175
\fb@frh=\dimen176
\FrameRule=\dimen177
\FrameSep=\dimen178
\c@cp@cntr=\count272
LaTeX Info: Redefining \: on input line 12191.
LaTeX Info: Redefining \! on input line 12193.
\c@ism@mctr=\count273
\c@xsm@mctr=\count274
\c@csm@mctr=\count275
\c@ksm@mctr=\count276
\c@xksm@mctr=\count277
\c@cksm@mctr=\count278
\c@msm@mctr=\count279
\c@xmsm@mctr=\count280
\c@cmsm@mctr=\count281
\c@bsm@mctr=\count282
\c@workm@mctr=\count283
\c@sheetsequence=\count284
\c@lastsheet=\count285
\c@lastpage=\count286

(/lustre/fshomisc/sup/hpe/spack_soft/texlive/20200406/gcc-8.4.1-dmlrkk2kzxnenha
lheplze6azx7sejn6/texmf-dist/tex/latex/textcase/textcase.sty
Package: textcase 2019/09/14 v1.00 Text only upper/lower case changing (DPC)
)
\c@figure=\count287
\c@lofdepth=\count288
\cftbeforefigureskip=\skip185
\cftfigureindent=\skip186
\cftfigurenumwidth=\skip187
\c@table=\count289
\c@lotdepth=\count290
\cftbeforetableskip=\skip188
\cfttableindent=\skip189
\cfttablenumwidth=\skip190
Package abstract [2008/07/23] emulated by memoir.
Package appendix [2008/07/23] emulated by memoir.
Package booktabs [2016/05/16] emulated by memoir.
Package ccaption [2008/07/23] emulated by memoir.
Package changepage [2008/07/23] emulated by memoir.
Package chngcntr [2008/07/23] emulated by memoir.
Package chngpage [2008/07/23] emulated by memoir.
Package crop emulated by memoir.
Package enumerate [2008/07/23] emulated by memoir.
Package epigraph [2008/07/23] emulated by memoir.
Package ifmtarg [2008/07/23] emulated by memoir.
Package index [2008/07/23] emulated by memoir.
Package makeidx [2008/07/23] emulated by memoir.
Package moreverb [2008/07/23] emulated by memoir.
Package mparhack [2008/07/23] emulated by memoir.
Package needspace [2008/07/23] emulated by memoir.
Package newfile [2008/07/23] emulated by memoir.
Package nextpage [2008/07/23] emulated by memoir.
Package pagenote [2008/07/23] emulated by memoir.
Package parskip [2008/07/23] emulated by memoir.
Package patchcmd [2008/07/23] emulated by memoir.
Package setspace [2008/07/23] emulated by memoir.
Package shortvrb [2008/07/23] emulated by memoir.
Package showidx [2008/07/23] emulated by memoir.
Package titleref [2008/07/23] emulated by memoir.
Package titling [2008/07/23] emulated by memoir.
Package tocbibind [2008/07/23] emulated by memoir.
Package tocloft [2008/07/23] emulated by memoir.
Package tocvsec2 [2008/07/23] emulated by memoir.
Package verbatim [2008/07/23] emulated by memoir.
Package verse [2008/07/23] emulated by memoir.
)
(/lustre/fshomisc/sup/hpe/spack_soft/texlive/20200406/gcc-8.4.1-dmlrkk2kzxnenha
lheplze6azx7sejn6/texmf-dist/tex/latex/graphics/graphicx.sty
Package: graphicx 2019/11/30 v1.2a Enhanced LaTeX Graphics (DPC,SPQR)

(/lustre/fshomisc/sup/hpe/spack_soft/texlive/20200406/gcc-8.4.1-dmlrkk2kzxnenha
lheplze6azx7sejn6/texmf-dist/tex/latex/graphics/keyval.sty
Package: keyval 2014/10/28 v1.15 key=value parser (DPC)
\KV@toks@=\toks23
)
(/lustre/fshomisc/sup/hpe/spack_soft/texlive/20200406/gcc-8.4.1-dmlrkk2kzxnenha
lheplze6azx7sejn6/texmf-dist/tex/latex/graphics/graphics.sty
Package: graphics 2019/11/30 v1.4a Standard LaTeX Graphics (DPC,SPQR)

(/lustre/fshomisc/sup/hpe/spack_soft/texlive/20200406/gcc-8.4.1-dmlrkk2kzxnenha
lheplze6azx7sejn6/texmf-dist/tex/latex/graphics/trig.sty
Package: trig 2016/01/03 v1.10 sin cos tan (DPC)
)
(/lustre/fshomisc/sup/hpe/spack_soft/texlive/20200406/gcc-8.4.1-dmlrkk2kzxnenha
lheplze6azx7sejn6/texmf-dist/tex/latex/graphics-cfg/graphics.cfg
File: graphics.cfg 2016/06/04 v1.11 sample graphics configuration
)
Package graphics Info: Driver file: luatex.def on input line 105.

(/lustre/fshomisc/sup/hpe/spack_soft/texlive/20200406/gcc-8.4.1-dmlrkk2kzxnenha
lheplze6azx7sejn6/texmf-dist/tex/latex/graphics-def/luatex.def
File: luatex.def 2018/01/08 v1.0l Graphics/color driver for luatex
))
\Gin@req@height=\dimen179
\Gin@req@width=\dimen180
)
(/lustre/fshomisc/sup/hpe/spack_soft/texlive/20200406/gcc-8.4.1-dmlrkk2kzxnenha
lheplze6azx7sejn6/texmf-dist/tex/latex/microtype/microtype.sty
Package: microtype 2019/11/18 v2.7d Micro-typographical refinements (RS)
\MT@toks=\toks24
\MT@count=\count291
LaTeX Info: Redefining \textls on input line 790.
\MT@outer@kern=\dimen181
LaTeX Info: Redefining \textmicrotypecontext on input line 1354.
\MT@listname@count=\count292

(/lustre/fshomisc/sup/hpe/spack_soft/texlive/20200406/gcc-8.4.1-dmlrkk2kzxnenha
lheplze6azx7sejn6/texmf-dist/tex/latex/microtype/microtype-luatex.def
File: microtype-luatex.def 2019/11/18 v2.7d Definitions specific to luatex (RS)
Module microtype Info: overwriting function `keepligature' on input line 59
LaTeX Info: Redefining \lsstyle on input line 695.
LaTeX Info: Redefining \lslig on input line 695.
\MT@outer@space=\skip191
)
Package microtype Info: Loading configuration file microtype.cfg.

(/lustre/fshomisc/sup/hpe/spack_soft/texlive/20200406/gcc-8.4.1-dmlrkk2kzxnenha
lheplze6azx7sejn6/texmf-dist/tex/latex/microtype/microtype.cfg
File: microtype.cfg 2019/11/18 v2.7d microtype main configuration file (RS)
))
(/lustre/fshomisc/sup/hpe/spack_soft/texlive/20200406/gcc-8.4.1-dmlrkk2kzxnenha
lheplze6azx7sejn6/texmf-dist/tex/latex/geometry/geometry.sty
Package: geometry 2020/01/02 v5.9 Page Geometry

(/lustre/fshomisc/sup/hpe/spack_soft/texlive/20200406/gcc-8.4.1-dmlrkk2kzxnenha
lheplze6azx7sejn6/texmf-dist/tex/generic/iftex/ifvtex.sty
Package: ifvtex 2019/10/25 v1.7 ifvtex legacy package. Use iftex instead.
)
\Gm@cnth=\count293
\Gm@cntv=\count294
\c@Gm@tempcnt=\count295
\Gm@bindingoffset=\dimen182
\Gm@wd@mp=\dimen183
\Gm@odd@mp=\dimen184
\Gm@even@mp=\dimen185
\Gm@layoutwidth=\dimen186
\Gm@layoutheight=\dimen187
\Gm@layouthoffset=\dimen188
\Gm@layoutvoffset=\dimen189
\Gm@dimlist=\toks25
)
(/lustre/fshomisc/sup/hpe/spack_soft/texlive/20200406/gcc-8.4.1-dmlrkk2kzxnenha
lheplze6azx7sejn6/texmf-dist/tex/latex/ragged2e/ragged2e.sty
Package: ragged2e 2019/07/28 v2.2 ragged2e Package (MS)

(/lustre/fshomisc/sup/hpe/spack_soft/texlive/20200406/gcc-8.4.1-dmlrkk2kzxnenha
lheplze6azx7sejn6/texmf-dist/tex/latex/ms/everysel.sty
Package: everysel 2011/10/28 v1.2 EverySelectfont Package (MS)
)
\CenteringLeftskip=\skip192
\RaggedLeftLeftskip=\skip193
\RaggedRightLeftskip=\skip194
\CenteringRightskip=\skip195
\RaggedLeftRightskip=\skip256
\RaggedRightRightskip=\skip257
\CenteringParfillskip=\skip258
\RaggedLeftParfillskip=\skip259
\RaggedRightParfillskip=\skip260
\JustifyingParfillskip=\skip261
\CenteringParindent=\skip262
\RaggedLeftParindent=\skip263
\RaggedRightParindent=\skip264
\JustifyingParindent=\skip265
)
(/lustre/fshomisc/sup/hpe/spack_soft/texlive/20200406/gcc-8.4.1-dmlrkk2kzxnenha
lheplze6azx7sejn6/texmf-dist/tex/latex/adjustbox/adjustbox.sty
Package: adjustbox 2019/01/04 v1.2 Adjusting TeX boxes (trim, clip, ...)

(/lustre/fshomisc/sup/hpe/spack_soft/texlive/20200406/gcc-8.4.1-dmlrkk2kzxnenha
lheplze6azx7sejn6/texmf-dist/tex/latex/xkeyval/xkeyval.sty
Package: xkeyval 2014/12/03 v2.7a package option processing (HA)

(/lustre/fshomisc/sup/hpe/spack_soft/texlive/20200406/gcc-8.4.1-dmlrkk2kzxnenha
lheplze6azx7sejn6/texmf-dist/tex/generic/xkeyval/xkeyval.tex
(/lustre/fshomisc/sup/hpe/spack_soft/texlive/20200406/gcc-8.4.1-dmlrkk2kzxnenha
lheplze6azx7sejn6/texmf-dist/tex/generic/xkeyval/xkvutils.tex
\XKV@toks=\toks26
\XKV@tempa@toks=\toks27
)
\XKV@depth=\count296
File: xkeyval.tex 2014/12/03 v2.7a key=value parser (HA)
))
(/lustre/fshomisc/sup/hpe/spack_soft/texlive/20200406/gcc-8.4.1-dmlrkk2kzxnenha
lheplze6azx7sejn6/texmf-dist/tex/latex/adjustbox/adjcalc.sty
Package: adjcalc 2012/05/16 v1.1 Provides advanced setlength with multiple back-
ends (calc, etex, pgfmath)
)
(/lustre/fshomisc/sup/hpe/spack_soft/texlive/20200406/gcc-8.4.1-dmlrkk2kzxnenha
lheplze6azx7sejn6/texmf-dist/tex/latex/adjustbox/trimclip.sty
Package: trimclip 2018/04/08 v1.1 Trim and clip general TeX material

(/lustre/fshomisc/sup/hpe/spack_soft/texlive/20200406/gcc-8.4.1-dmlrkk2kzxnenha
lheplze6azx7sejn6/texmf-dist/tex/latex/collectbox/collectbox.sty
Package: collectbox 2012/05/17 v0.4b Collect macro arguments as boxes
\collectedbox=\box50
)
\tc@llx=\dimen190
\tc@lly=\dimen191
\tc@urx=\dimen192
\tc@ury=\dimen193

(/lustre/fshomisc/sup/hpe/spack_soft/texlive/20200406/gcc-8.4.1-dmlrkk2kzxnenha
lheplze6azx7sejn6/texmf-dist/tex/latex/adjustbox/tc-pgf.def
File: tc-pgf.def 2019/01/04 v2.2 trimclip fall-back clipping driver using PGF

(/lustre/fshomisc/sup/hpe/spack_soft/texlive/20200406/gcc-8.4.1-dmlrkk2kzxnenha
lheplze6azx7sejn6/texmf-dist/tex/latex/pgf/basiclayer/pgf.sty
(/lustre/fshomisc/sup/hpe/spack_soft/texlive/20200406/gcc-8.4.1-dmlrkk2kzxnenha
lheplze6azx7sejn6/texmf-dist/tex/latex/pgf/utilities/pgfrcs.sty
(/lustre/fshomisc/sup/hpe/spack_soft/texlive/20200406/gcc-8.4.1-dmlrkk2kzxnenha
lheplze6azx7sejn6/texmf-dist/tex/generic/pgf/utilities/pgfutil-common.tex
\pgfutil@everybye=\toks28
\pgfutil@tempdima=\dimen194
\pgfutil@tempdimb=\dimen195

(/lustre/fshomisc/sup/hpe/spack_soft/texlive/20200406/gcc-8.4.1-dmlrkk2kzxnenha
lheplze6azx7sejn6/texmf-dist/tex/generic/pgf/utilities/pgfutil-common-lists.tex
))
(/lustre/fshomisc/sup/hpe/spack_soft/texlive/20200406/gcc-8.4.1-dmlrkk2kzxnenha
lheplze6azx7sejn6/texmf-dist/tex/generic/pgf/utilities/pgfutil-latex.def
\pgfutil@abb=\box51

(/lustre/fshomisc/sup/hpe/spack_soft/texlive/20200406/gcc-8.4.1-dmlrkk2kzxnenha
lheplze6azx7sejn6/texmf-dist/tex/latex/ms/everyshi.sty
Package: everyshi 2001/05/15 v3.00 EveryShipout Package (MS)
))
(/lustre/fshomisc/sup/hpe/spack_soft/texlive/20200406/gcc-8.4.1-dmlrkk2kzxnenha
lheplze6azx7sejn6/texmf-dist/tex/generic/pgf/utilities/pgfrcs.code.tex
(/lustre/fshomisc/sup/hpe/spack_soft/texlive/20200406/gcc-8.4.1-dmlrkk2kzxnenha
lheplze6azx7sejn6/texmf-dist/tex/generic/pgf/pgf.revision.tex)
Package: pgfrcs 2020/01/08 v3.1.5b (3.1.5b)
))
Package: pgf 2020/01/08 v3.1.5b (3.1.5b)

(/lustre/fshomisc/sup/hpe/spack_soft/texlive/20200406/gcc-8.4.1-dmlrkk2kzxnenha
lheplze6azx7sejn6/texmf-dist/tex/latex/pgf/basiclayer/pgfcore.sty
(/lustre/fshomisc/sup/hpe/spack_soft/texlive/20200406/gcc-8.4.1-dmlrkk2kzxnenha
lheplze6azx7sejn6/texmf-dist/tex/latex/pgf/systemlayer/pgfsys.sty
(/lustre/fshomisc/sup/hpe/spack_soft/texlive/20200406/gcc-8.4.1-dmlrkk2kzxnenha
lheplze6azx7sejn6/texmf-dist/tex/generic/pgf/systemlayer/pgfsys.code.tex
Package: pgfsys 2020/01/08 v3.1.5b (3.1.5b)

(/lustre/fshomisc/sup/hpe/spack_soft/texlive/20200406/gcc-8.4.1-dmlrkk2kzxnenha
lheplze6azx7sejn6/texmf-dist/tex/generic/pgf/utilities/pgfkeys.code.tex
\pgfkeys@pathtoks=\toks29
\pgfkeys@temptoks=\toks30

(/lustre/fshomisc/sup/hpe/spack_soft/texlive/20200406/gcc-8.4.1-dmlrkk2kzxnenha
lheplze6azx7sejn6/texmf-dist/tex/generic/pgf/utilities/pgfkeysfiltered.code.tex
\pgfkeys@tmptoks=\toks31
))
\pgf@x=\dimen256
\pgf@y=\dimen257
\pgf@xa=\dimen258
\pgf@ya=\dimen259
\pgf@xb=\dimen260
\pgf@yb=\dimen261
\pgf@xc=\dimen262
\pgf@yc=\dimen263
\pgf@xd=\dimen264
\pgf@yd=\dimen265
\w@pgf@writea=\write4
\r@pgf@reada=\read3
\c@pgf@counta=\count297
\c@pgf@countb=\count298
\c@pgf@countc=\count299
\c@pgf@countd=\count300
\t@pgf@toka=\toks32
\t@pgf@tokb=\toks33
\t@pgf@tokc=\toks34
\pgf@sys@id@count=\count301

(/lustre/fshomisc/sup/hpe/spack_soft/texlive/20200406/gcc-8.4.1-dmlrkk2kzxnenha
lheplze6azx7sejn6/texmf-dist/tex/generic/pgf/systemlayer/pgf.cfg
File: pgf.cfg 2020/01/08 v3.1.5b (3.1.5b)
)
Driver file for pgf: pgfsys-luatex.def

(/lustre/fshomisc/sup/hpe/spack_soft/texlive/20200406/gcc-8.4.1-dmlrkk2kzxnenha
lheplze6azx7sejn6/texmf-dist/tex/generic/pgf/systemlayer/pgfsys-luatex.def
File: pgfsys-luatex.def 2020/01/08 v3.1.5b (3.1.5b)

(/lustre/fshomisc/sup/hpe/spack_soft/texlive/20200406/gcc-8.4.1-dmlrkk2kzxnenha
lheplze6azx7sejn6/texmf-dist/tex/generic/pgf/systemlayer/pgfsys-common-pdf.def
File: pgfsys-common-pdf.def 2020/01/08 v3.1.5b (3.1.5b)
)))
(/lustre/fshomisc/sup/hpe/spack_soft/texlive/20200406/gcc-8.4.1-dmlrkk2kzxnenha
lheplze6azx7sejn6/texmf-dist/tex/generic/pgf/systemlayer/pgfsyssoftpath.code.te
x
File: pgfsyssoftpath.code.tex 2020/01/08 v3.1.5b (3.1.5b)
\pgfsyssoftpath@smallbuffer@items=\count302
\pgfsyssoftpath@bigbuffer@items=\count303
)
(/lustre/fshomisc/sup/hpe/spack_soft/texlive/20200406/gcc-8.4.1-dmlrkk2kzxnenha
lheplze6azx7sejn6/texmf-dist/tex/generic/pgf/systemlayer/pgfsysprotocol.code.te
x
File: pgfsysprotocol.code.tex 2020/01/08 v3.1.5b (3.1.5b)
))
(/lustre/fshomisc/sup/hpe/spack_soft/texlive/20200406/gcc-8.4.1-dmlrkk2kzxnenha
lheplze6azx7sejn6/texmf-dist/tex/latex/xcolor/xcolor.sty
Package: xcolor 2016/05/11 v2.12 LaTeX color extensions (UK)

(/lustre/fshomisc/sup/hpe/spack_soft/texlive/20200406/gcc-8.4.1-dmlrkk2kzxnenha
lheplze6azx7sejn6/texmf-dist/tex/latex/graphics-cfg/color.cfg
File: color.cfg 2016/01/02 v1.6 sample color configuration
)
Package xcolor Info: Driver file: luatex.def on input line 225.
Package xcolor Info: Model `cmy' substituted by `cmy0' on input line 1348.
Package xcolor Info: Model `hsb' substituted by `rgb' on input line 1352.
Package xcolor Info: Model `RGB' extended on input line 1364.
Package xcolor Info: Model `HTML' substituted by `rgb' on input line 1366.
Package xcolor Info: Model `Hsb' substituted by `hsb' on input line 1367.
Package xcolor Info: Model `tHsb' substituted by `hsb' on input line 1368.
Package xcolor Info: Model `HSB' substituted by `hsb' on input line 1369.
Package xcolor Info: Model `Gray' substituted by `gray' on input line 1370.
Package xcolor Info: Model `wave' substituted by `hsb' on input line 1371.
)
(/lustre/fshomisc/sup/hpe/spack_soft/texlive/20200406/gcc-8.4.1-dmlrkk2kzxnenha
lheplze6azx7sejn6/texmf-dist/tex/generic/pgf/basiclayer/pgfcore.code.tex
Package: pgfcore 2020/01/08 v3.1.5b (3.1.5b)

(/lustre/fshomisc/sup/hpe/spack_soft/texlive/20200406/gcc-8.4.1-dmlrkk2kzxnenha
lheplze6azx7sejn6/texmf-dist/tex/generic/pgf/math/pgfmath.code.tex
(/lustre/fshomisc/sup/hpe/spack_soft/texlive/20200406/gcc-8.4.1-dmlrkk2kzxnenha
lheplze6azx7sejn6/texmf-dist/tex/generic/pgf/math/pgfmathcalc.code.tex
(/lustre/fshomisc/sup/hpe/spack_soft/texlive/20200406/gcc-8.4.1-dmlrkk2kzxnenha
lheplze6azx7sejn6/texmf-dist/tex/generic/pgf/math/pgfmathutil.code.tex)
(/lustre/fshomisc/sup/hpe/spack_soft/texlive/20200406/gcc-8.4.1-dmlrkk2kzxnenha
lheplze6azx7sejn6/texmf-dist/tex/generic/pgf/math/pgfmathparser.code.tex
\pgfmath@dimen=\dimen266
\pgfmath@count=\count304
\pgfmath@box=\box52
\pgfmath@toks=\toks35
\pgfmath@stack@operand=\toks36
\pgfmath@stack@operation=\toks37
)
(/lustre/fshomisc/sup/hpe/spack_soft/texlive/20200406/gcc-8.4.1-dmlrkk2kzxnenha
lheplze6azx7sejn6/texmf-dist/tex/generic/pgf/math/pgfmathfunctions.code.tex
(/lustre/fshomisc/sup/hpe/spack_soft/texlive/20200406/gcc-8.4.1-dmlrkk2kzxnenha
lheplze6azx7sejn6/texmf-dist/tex/generic/pgf/math/pgfmathfunctions.basic.code.t
ex)
(/lustre/fshomisc/sup/hpe/spack_soft/texlive/20200406/gcc-8.4.1-dmlrkk2kzxnenha
lheplze6azx7sejn6/texmf-dist/tex/generic/pgf/math/pgfmathfunctions.trigonometri
c.code.tex)
(/lustre/fshomisc/sup/hpe/spack_soft/texlive/20200406/gcc-8.4.1-dmlrkk2kzxnenha
lheplze6azx7sejn6/texmf-dist/tex/generic/pgf/math/pgfmathfunctions.random.code.
tex)
(/lustre/fshomisc/sup/hpe/spack_soft/texlive/20200406/gcc-8.4.1-dmlrkk2kzxnenha
lheplze6azx7sejn6/texmf-dist/tex/generic/pgf/math/pgfmathfunctions.comparison.c
ode.tex)
(/lustre/fshomisc/sup/hpe/spack_soft/texlive/20200406/gcc-8.4.1-dmlrkk2kzxnenha
lheplze6azx7sejn6/texmf-dist/tex/generic/pgf/math/pgfmathfunctions.base.code.te
x)
(/lustre/fshomisc/sup/hpe/spack_soft/texlive/20200406/gcc-8.4.1-dmlrkk2kzxnenha
lheplze6azx7sejn6/texmf-dist/tex/generic/pgf/math/pgfmathfunctions.round.code.t
ex)
(/lustre/fshomisc/sup/hpe/spack_soft/texlive/20200406/gcc-8.4.1-dmlrkk2kzxnenha
lheplze6azx7sejn6/texmf-dist/tex/generic/pgf/math/pgfmathfunctions.misc.code.te
x)
(/lustre/fshomisc/sup/hpe/spack_soft/texlive/20200406/gcc-8.4.1-dmlrkk2kzxnenha
lheplze6azx7sejn6/texmf-dist/tex/generic/pgf/math/pgfmathfunctions.integerarith
metics.code.tex)))
(/lustre/fshomisc/sup/hpe/spack_soft/texlive/20200406/gcc-8.4.1-dmlrkk2kzxnenha
lheplze6azx7sejn6/texmf-dist/tex/generic/pgf/math/pgfmathfloat.code.tex
\c@pgfmathroundto@lastzeros=\count305
))
(/lustre/fshomisc/sup/hpe/spack_soft/texlive/20200406/gcc-8.4.1-dmlrkk2kzxnenha
lheplze6azx7sejn6/texmf-dist/tex/generic/pgf/math/pgfint.code.tex)
(/lustre/fshomisc/sup/hpe/spack_soft/texlive/20200406/gcc-8.4.1-dmlrkk2kzxnenha
lheplze6azx7sejn6/texmf-dist/tex/generic/pgf/basiclayer/pgfcorepoints.code.tex
File: pgfcorepoints.code.tex 2020/01/08 v3.1.5b (3.1.5b)
\pgf@picminx=\dimen267
\pgf@picmaxx=\dimen268
\pgf@picminy=\dimen269
\pgf@picmaxy=\dimen270
\pgf@pathminx=\dimen271
\pgf@pathmaxx=\dimen272
\pgf@pathminy=\dimen273
\pgf@pathmaxy=\dimen274
\pgf@xx=\dimen275
\pgf@xy=\dimen276
\pgf@yx=\dimen277
\pgf@yy=\dimen278
\pgf@zx=\dimen279
\pgf@zy=\dimen280
)
(/lustre/fshomisc/sup/hpe/spack_soft/texlive/20200406/gcc-8.4.1-dmlrkk2kzxnenha
lheplze6azx7sejn6/texmf-dist/tex/generic/pgf/basiclayer/pgfcorepathconstruct.co
de.tex
File: pgfcorepathconstruct.code.tex 2020/01/08 v3.1.5b (3.1.5b)
\pgf@path@lastx=\dimen281
\pgf@path@lasty=\dimen282
)
(/lustre/fshomisc/sup/hpe/spack_soft/texlive/20200406/gcc-8.4.1-dmlrkk2kzxnenha
lheplze6azx7sejn6/texmf-dist/tex/generic/pgf/basiclayer/pgfcorepathusage.code.t
ex
File: pgfcorepathusage.code.tex 2020/01/08 v3.1.5b (3.1.5b)
\pgf@shorten@end@additional=\dimen283
\pgf@shorten@start@additional=\dimen284
)
(/lustre/fshomisc/sup/hpe/spack_soft/texlive/20200406/gcc-8.4.1-dmlrkk2kzxnenha
lheplze6azx7sejn6/texmf-dist/tex/generic/pgf/basiclayer/pgfcorescopes.code.tex
File: pgfcorescopes.code.tex 2020/01/08 v3.1.5b (3.1.5b)
\pgfpic=\box53
\pgf@hbox=\box54
\pgf@layerbox@main=\box55
\pgf@picture@serial@count=\count306
)
(/lustre/fshomisc/sup/hpe/spack_soft/texlive/20200406/gcc-8.4.1-dmlrkk2kzxnenha
lheplze6azx7sejn6/texmf-dist/tex/generic/pgf/basiclayer/pgfcoregraphicstate.cod
e.tex
File: pgfcoregraphicstate.code.tex 2020/01/08 v3.1.5b (3.1.5b)
\pgflinewidth=\dimen285
)
(/lustre/fshomisc/sup/hpe/spack_soft/texlive/20200406/gcc-8.4.1-dmlrkk2kzxnenha
lheplze6azx7sejn6/texmf-dist/tex/generic/pgf/basiclayer/pgfcoretransformations.
code.tex
File: pgfcoretransformations.code.tex 2020/01/08 v3.1.5b (3.1.5b)
\pgf@pt@x=\dimen286
\pgf@pt@y=\dimen287
\pgf@pt@temp=\dimen288
)
(/lustre/fshomisc/sup/hpe/spack_soft/texlive/20200406/gcc-8.4.1-dmlrkk2kzxnenha
lheplze6azx7sejn6/texmf-dist/tex/generic/pgf/basiclayer/pgfcorequick.code.tex
File: pgfcorequick.code.tex 2020/01/08 v3.1.5b (3.1.5b)
)
(/lustre/fshomisc/sup/hpe/spack_soft/texlive/20200406/gcc-8.4.1-dmlrkk2kzxnenha
lheplze6azx7sejn6/texmf-dist/tex/generic/pgf/basiclayer/pgfcoreobjects.code.tex
File: pgfcoreobjects.code.tex 2020/01/08 v3.1.5b (3.1.5b)
)
(/lustre/fshomisc/sup/hpe/spack_soft/texlive/20200406/gcc-8.4.1-dmlrkk2kzxnenha
lheplze6azx7sejn6/texmf-dist/tex/generic/pgf/basiclayer/pgfcorepathprocessing.c
ode.tex
File: pgfcorepathprocessing.code.tex 2020/01/08 v3.1.5b (3.1.5b)
)
(/lustre/fshomisc/sup/hpe/spack_soft/texlive/20200406/gcc-8.4.1-dmlrkk2kzxnenha
lheplze6azx7sejn6/texmf-dist/tex/generic/pgf/basiclayer/pgfcorearrows.code.tex
File: pgfcorearrows.code.tex 2020/01/08 v3.1.5b (3.1.5b)
\pgfarrowsep=\dimen289
)
(/lustre/fshomisc/sup/hpe/spack_soft/texlive/20200406/gcc-8.4.1-dmlrkk2kzxnenha
lheplze6azx7sejn6/texmf-dist/tex/generic/pgf/basiclayer/pgfcoreshade.code.tex
File: pgfcoreshade.code.tex 2020/01/08 v3.1.5b (3.1.5b)
\pgf@max=\dimen290
\pgf@sys@shading@range@num=\count307
\pgf@shadingcount=\count308
)
(/lustre/fshomisc/sup/hpe/spack_soft/texlive/20200406/gcc-8.4.1-dmlrkk2kzxnenha
lheplze6azx7sejn6/texmf-dist/tex/generic/pgf/basiclayer/pgfcoreimage.code.tex
File: pgfcoreimage.code.tex 2020/01/08 v3.1.5b (3.1.5b)

(/lustre/fshomisc/sup/hpe/spack_soft/texlive/20200406/gcc-8.4.1-dmlrkk2kzxnenha
lheplze6azx7sejn6/texmf-dist/tex/generic/pgf/basiclayer/pgfcoreexternal.code.te
x
File: pgfcoreexternal.code.tex 2020/01/08 v3.1.5b (3.1.5b)
\pgfexternal@startupbox=\box56
))
(/lustre/fshomisc/sup/hpe/spack_soft/texlive/20200406/gcc-8.4.1-dmlrkk2kzxnenha
lheplze6azx7sejn6/texmf-dist/tex/generic/pgf/basiclayer/pgfcorelayers.code.tex
File: pgfcorelayers.code.tex 2020/01/08 v3.1.5b (3.1.5b)
)
(/lustre/fshomisc/sup/hpe/spack_soft/texlive/20200406/gcc-8.4.1-dmlrkk2kzxnenha
lheplze6azx7sejn6/texmf-dist/tex/generic/pgf/basiclayer/pgfcoretransparency.cod
e.tex
File: pgfcoretransparency.code.tex 2020/01/08 v3.1.5b (3.1.5b)
)
(/lustre/fshomisc/sup/hpe/spack_soft/texlive/20200406/gcc-8.4.1-dmlrkk2kzxnenha
lheplze6azx7sejn6/texmf-dist/tex/generic/pgf/basiclayer/pgfcorepatterns.code.te
x
File: pgfcorepatterns.code.tex 2020/01/08 v3.1.5b (3.1.5b)
)
(/lustre/fshomisc/sup/hpe/spack_soft/texlive/20200406/gcc-8.4.1-dmlrkk2kzxnenha
lheplze6azx7sejn6/texmf-dist/tex/generic/pgf/basiclayer/pgfcorerdf.code.tex
File: pgfcorerdf.code.tex 2020/01/08 v3.1.5b (3.1.5b)
)))
(/lustre/fshomisc/sup/hpe/spack_soft/texlive/20200406/gcc-8.4.1-dmlrkk2kzxnenha
lheplze6azx7sejn6/texmf-dist/tex/generic/pgf/modules/pgfmoduleshapes.code.tex
File: pgfmoduleshapes.code.tex 2020/01/08 v3.1.5b (3.1.5b)
\pgfnodeparttextbox=\box57
)
(/lustre/fshomisc/sup/hpe/spack_soft/texlive/20200406/gcc-8.4.1-dmlrkk2kzxnenha
lheplze6azx7sejn6/texmf-dist/tex/generic/pgf/modules/pgfmoduleplot.code.tex
File: pgfmoduleplot.code.tex 2020/01/08 v3.1.5b (3.1.5b)
)
(/lustre/fshomisc/sup/hpe/spack_soft/texlive/20200406/gcc-8.4.1-dmlrkk2kzxnenha
lheplze6azx7sejn6/texmf-dist/tex/latex/pgf/compatibility/pgfcomp-version-0-65.s
ty
Package: pgfcomp-version-0-65 2020/01/08 v3.1.5b (3.1.5b)
\pgf@nodesepstart=\dimen291
\pgf@nodesepend=\dimen292
)
(/lustre/fshomisc/sup/hpe/spack_soft/texlive/20200406/gcc-8.4.1-dmlrkk2kzxnenha
lheplze6azx7sejn6/texmf-dist/tex/latex/pgf/compatibility/pgfcomp-version-1-18.s
ty
Package: pgfcomp-version-1-18 2020/01/08 v3.1.5b (3.1.5b)
)))
Package trimclip Info: No clipping driver 'tc-luatex.def' available.
(trimclip)             Using fall-back PGF driver.
)
\adjbox@Width=\dimen293
\adjbox@Height=\dimen294
\adjbox@Depth=\dimen295
\adjbox@Totalheight=\dimen296
\adjbox@pwidth=\dimen297
\adjbox@pheight=\dimen298
\adjbox@pdepth=\dimen299
\adjbox@ptotalheight=\dimen300

(/lustre/fshomisc/sup/hpe/spack_soft/texlive/20200406/gcc-8.4.1-dmlrkk2kzxnenha
lheplze6azx7sejn6/texmf-dist/tex/latex/ifoddpage/ifoddpage.sty
Package: ifoddpage 2016/04/23 v1.1 Conditionals for odd/even page detection
\c@checkoddpage=\count309
LaTeX Info: Redefining \checkoddpage on input line 45.
)
(/lustre/fshomisc/sup/hpe/spack_soft/texlive/20200406/gcc-8.4.1-dmlrkk2kzxnenha
lheplze6azx7sejn6/texmf-dist/tex/latex/varwidth/varwidth.sty
Package: varwidth 2009/03/30 ver 0.92;  Variable-width minipages
\@vwid@box=\box58
\sift@deathcycles=\count310
\@vwid@loff=\dimen301
\@vwid@roff=\dimen302
))
(/lustre/fshomisc/sup/hpe/spack_soft/texlive/20200406/gcc-8.4.1-dmlrkk2kzxnenha
lheplze6azx7sejn6/texmf-dist/tex/latex/pgf/utilities/pgffor.sty
(/lustre/fshomisc/sup/hpe/spack_soft/texlive/20200406/gcc-8.4.1-dmlrkk2kzxnenha
lheplze6azx7sejn6/texmf-dist/tex/latex/pgf/utilities/pgfkeys.sty
(/lustre/fshomisc/sup/hpe/spack_soft/texlive/20200406/gcc-8.4.1-dmlrkk2kzxnenha
lheplze6azx7sejn6/texmf-dist/tex/generic/pgf/utilities/pgfkeys.code.tex))
(/lustre/fshomisc/sup/hpe/spack_soft/texlive/20200406/gcc-8.4.1-dmlrkk2kzxnenha
lheplze6azx7sejn6/texmf-dist/tex/latex/pgf/math/pgfmath.sty
(/lustre/fshomisc/sup/hpe/spack_soft/texlive/20200406/gcc-8.4.1-dmlrkk2kzxnenha
lheplze6azx7sejn6/texmf-dist/tex/generic/pgf/math/pgfmath.code.tex))
(/lustre/fshomisc/sup/hpe/spack_soft/texlive/20200406/gcc-8.4.1-dmlrkk2kzxnenha
lheplze6azx7sejn6/texmf-dist/tex/generic/pgf/utilities/pgffor.code.tex
Package: pgffor 2020/01/08 v3.1.5b (3.1.5b)

(/lustre/fshomisc/sup/hpe/spack_soft/texlive/20200406/gcc-8.4.1-dmlrkk2kzxnenha
lheplze6azx7sejn6/texmf-dist/tex/generic/pgf/math/pgfmath.code.tex)
\pgffor@iter=\dimen303
\pgffor@skip=\dimen304
\pgffor@stack=\toks38
\pgffor@toks=\toks39
))
(/lustre/fshomisc/sup/hpe/spack_soft/texlive/20200406/gcc-8.4.1-dmlrkk2kzxnenha
lheplze6azx7sejn6/texmf-dist/tex/latex/pgf/frontendlayer/tikz.sty
(/lustre/fshomisc/sup/hpe/spack_soft/texlive/20200406/gcc-8.4.1-dmlrkk2kzxnenha
lheplze6azx7sejn6/texmf-dist/tex/generic/pgf/frontendlayer/tikz/tikz.code.tex
Package: tikz 2020/01/08 v3.1.5b (3.1.5b)

(/lustre/fshomisc/sup/hpe/spack_soft/texlive/20200406/gcc-8.4.1-dmlrkk2kzxnenha
lheplze6azx7sejn6/texmf-dist/tex/generic/pgf/libraries/pgflibraryplothandlers.c
ode.tex
File: pgflibraryplothandlers.code.tex 2020/01/08 v3.1.5b (3.1.5b)
\pgf@plot@mark@count=\count311
\pgfplotmarksize=\dimen305
)
\tikz@lastx=\dimen306
\tikz@lasty=\dimen307
\tikz@lastxsaved=\dimen308
\tikz@lastysaved=\dimen309
\tikz@lastmovetox=\dimen310
\tikz@lastmovetoy=\dimen311
\tikzleveldistance=\dimen312
\tikzsiblingdistance=\dimen313
\tikz@figbox=\box59
\tikz@figbox@bg=\box60
\tikz@tempbox=\box61
\tikz@tempbox@bg=\box62
\tikztreelevel=\count312
\tikznumberofchildren=\count313
\tikznumberofcurrentchild=\count314
\tikz@fig@count=\count315

(/lustre/fshomisc/sup/hpe/spack_soft/texlive/20200406/gcc-8.4.1-dmlrkk2kzxnenha
lheplze6azx7sejn6/texmf-dist/tex/generic/pgf/modules/pgfmodulematrix.code.tex
File: pgfmodulematrix.code.tex 2020/01/08 v3.1.5b (3.1.5b)
\pgfmatrixcurrentrow=\count316
\pgfmatrixcurrentcolumn=\count317
\pgf@matrix@numberofcolumns=\count318
)
\tikz@expandcount=\count319

(/lustre/fshomisc/sup/hpe/spack_soft/texlive/20200406/gcc-8.4.1-dmlrkk2kzxnenha
lheplze6azx7sejn6/texmf-dist/tex/generic/pgf/frontendlayer/tikz/libraries/tikzl
ibrarytopaths.code.tex
File: tikzlibrarytopaths.code.tex 2020/01/08 v3.1.5b (3.1.5b)
)))
(/lustre/fshomisc/sup/hpe/spack_soft/texlive/20200406/gcc-8.4.1-dmlrkk2kzxnenha
lheplze6azx7sejn6/texmf-dist/tex/lualatex/emoji/emoji.sty
Package: emoji 2020/03/16 v0.2 Emoji support in (Lua)LaTeX

(/lustre/fshomisc/sup/hpe/spack_soft/texlive/20200406/gcc-8.4.1-dmlrkk2kzxnenha
lheplze6azx7sejn6/texmf-dist/tex/latex/fontspec/fontspec.sty
(/lustre/fshomisc/sup/hpe/spack_soft/texlive/20200406/gcc-8.4.1-dmlrkk2kzxnenha
lheplze6azx7sejn6/texmf-dist/tex/latex/l3packages/xparse/xparse.sty
(/lustre/fshomisc/sup/hpe/spack_soft/texlive/20200406/gcc-8.4.1-dmlrkk2kzxnenha
lheplze6azx7sejn6/texmf-dist/tex/latex/l3kernel/expl3.sty
Package: expl3 2020-03-06 L3 programming layer (loader) 

(/lustre/fshomisc/sup/hpe/spack_soft/texlive/20200406/gcc-8.4.1-dmlrkk2kzxnenha
lheplze6azx7sejn6/texmf-dist/tex/latex/l3backend/l3backend-pdfmode.def
File: l3backend-pdfmode.def 2020-03-12 L3 backend support: PDF mode
\l__kernel_color_stack_int=\count320
\l__pdf_internal_box=\box63
))
Package: xparse 2020-03-06 L3 Experimental document command parser
\l__xparse_current_arg_int=\count321
\g__xparse_grabber_int=\count322
\l__xparse_m_args_int=\count323
\l__xparse_v_nesting_int=\count324
)
Package: fontspec 2020/02/21 v2.7i Font selection for XeLaTeX and LuaLaTeX
Lua module: fontspec 2020/02/21 2.7i Font selection for XeLaTeX and LuaLaTeX
(/lustre/fshomisc/sup/hpe/spack_soft/texlive/20200406/gcc-8.4.1-dmlrkk2kzxnenha
lheplze6azx7sejn6/texmf-dist/tex/latex/fontspec/fontspec-luatex.sty
Package: fontspec-luatex 2020/02/21 v2.7i Font selection for XeLaTeX and LuaLaTe
X
\l__fontspec_script_int=\count325
\l__fontspec_language_int=\count326
\l__fontspec_strnum_int=\count327
\l__fontspec_tmp_int=\count328
\l__fontspec_tmpa_int=\count329
\l__fontspec_tmpb_int=\count330
\l__fontspec_tmpc_int=\count331
\l__fontspec_em_int=\count332
\l__fontspec_emdef_int=\count333
\l__fontspec_strong_int=\count334
\l__fontspec_strongdef_int=\count335
\l__fontspec_tmpa_dim=\dimen314
\l__fontspec_tmpb_dim=\dimen315
\l__fontspec_tmpc_dim=\dimen316

(/lustre/fshomisc/sup/hpe/spack_soft/texlive/20200406/gcc-8.4.1-dmlrkk2kzxnenha
lheplze6azx7sejn6/texmf-dist/tex/latex/base/fontenc.sty
Package: fontenc 2020/02/11 v2.0o Standard LaTeX package
)
(/lustre/fshomisc/sup/hpe/spack_soft/texlive/20200406/gcc-8.4.1-dmlrkk2kzxnenha
lheplze6azx7sejn6/texmf-dist/tex/latex/fontspec/fontspec.cfg)))
(/lustre/fshomisc/sup/hpe/spack_soft/texlive/20200406/gcc-8.4.1-dmlrkk2kzxnenha
lheplze6azx7sejn6/texmf-dist/tex/lualatex/emoji/emoji-table.def
File: emoji-table.def 2020/03/16 v0.2 Emojisupportin(Lua)LaTeX
)) (./rule.aux)
\openout1 = rule.aux

LaTeX Font Info:    Checking defaults for OML/cmm/m/it on input line 19.
LaTeX Font Info:    ... okay on input line 19.
LaTeX Font Info:    Checking defaults for OMS/cmsy/m/n on input line 19.
LaTeX Font Info:    ... okay on input line 19.
LaTeX Font Info:    Checking defaults for OT1/cmr/m/n on input line 19.
LaTeX Font Info:    ... okay on input line 19.
LaTeX Font Info:    Checking defaults for T1/cmr/m/n on input line 19.
LaTeX Font Info:    ... okay on input line 19.
LaTeX Font Info:    Checking defaults for TS1/cmr/m/n on input line 19.
LaTeX Font Info:    Trying to load font information for TS1+cmr on input line 19
.

(/lustre/fshomisc/sup/hpe/spack_soft/texlive/20200406/gcc-8.4.1-dmlrkk2kzxnenha
lheplze6azx7sejn6/texmf-dist/tex/latex/base/ts1cmr.fd
File: ts1cmr.fd 2019/12/16 v2.5j Standard LaTeX font definitions
)
LaTeX Font Info:    ... okay on input line 19.
LaTeX Font Info:    Checking defaults for TU/lmr/m/n on input line 19.
LaTeX Font Info:    ... okay on input line 19.
LaTeX Font Info:    Checking defaults for OMX/cmex/m/n on input line 19.
LaTeX Font Info:    ... okay on input line 19.
LaTeX Font Info:    Checking defaults for U/cmr/m/n on input line 19.
LaTeX Font Info:    ... okay on input line 19.

(/lustre/fshomisc/sup/hpe/spack_soft/texlive/20200406/gcc-8.4.1-dmlrkk2kzxnenha
lheplze6azx7sejn6/texmf-dist/tex/context/base/mkii/supp-pdf.mkii
[Loading MPS to PDF converter (version 2006.09.02).]
\scratchcounter=\count336
\scratchdimen=\dimen317
\scratchbox=\box64
\nofMPsegments=\count337
\nofMParguments=\count338
\everyMPshowfont=\toks40
\MPscratchCnt=\count339
\MPscratchDim=\dimen318
\MPnumerator=\count340
\makeMPintoPDFobject=\count341
\everyMPtoPDFconversion=\toks41
)
(/lustre/fshomisc/sup/hpe/spack_soft/texlive/20200406/gcc-8.4.1-dmlrkk2kzxnenha
lheplze6azx7sejn6/texmf-dist/tex/latex/epstopdf-pkg/epstopdf-base.sty
Package: epstopdf-base 2020-01-24 v2.11 Base part for package epstopdf
Package epstopdf-base Info: Redefining graphics rule for `.eps' on input line 48
5.

(/lustre/fshomisc/sup/hpe/spack_soft/texlive/20200406/gcc-8.4.1-dmlrkk2kzxnenha
lheplze6azx7sejn6/texmf-dist/tex/latex/latexconfig/epstopdf-sys.cfg
File: epstopdf-sys.cfg 2010/07/13 v1.3 Configuration of (r)epstopdf for TeX Live

))
LaTeX Info: Redefining \microtypecontext on input line 19.
Package microtype Info: Generating PDF output.
Package microtype Info: Character protrusion enabled (level 2).
Package microtype Info: Using default protrusion set `alltext'.
Package microtype Info: Automatic font expansion enabled (level 2),
(microtype)             stretch: 20, shrink: 20, step: 1, non-selected.
Package microtype Info: Using default expansion set `basictext'.
LaTeX Info: Redefining \showhyphens on input line 19.
Package microtype Info: No adjustment of tracking.
Package microtype Info: No adjustment of spacing.
Package microtype Info: No adjustment of kerning.

(/lustre/fshomisc/sup/hpe/spack_soft/texlive/20200406/gcc-8.4.1-dmlrkk2kzxnenha
lheplze6azx7sejn6/texmf-dist/tex/latex/microtype/mt-LatinModernRoman.cfg
File: mt-LatinModernRoman.cfg 2013/03/13 v1.0 microtype config. file: Latin Mode
rn Roman (RS)
)
*geometry* driver: auto-detecting
*geometry* detected driver: luatex
*geometry* verbose mode - [ preamble ] result:
* driver: luatex
* paper: custom
* layout: <same size as paper>
* layoutoffset:(h,v)=(0.0pt,0.0pt)
* modes: twoside 
* h-part:(L,W,R)=(14.22636pt, 152.22226pt, 14.22636pt)
* v-part:(T,H,B)=(14.22636pt, 224.49225pt, 14.22636pt)
* \paperwidth=180.67499pt
* \paperheight=252.94498pt
* \textwidth=152.22226pt
* \textheight=224.49225pt
* \oddsidemargin=-58.04362pt
* \evensidemargin=-58.04362pt
* \topmargin=-88.11111pt
* \headheight=12.0pt
* \headsep=18.06749pt
* \topskip=10.0pt
* \footskip=25.29494pt
* \marginparwidth=117.0pt
* \marginparsep=7.0pt
* \columnsep=10.0pt
* \skip\footins=12.0pt plus 4.0pt minus 4.0pt
* \hoffset=0.0pt
* \voffset=0.0pt
* \mag=1000
* \@twocolumnfalse
* \@twosidetrue
* \@mparswitchtrue
* \@reversemarginfalse
* (1in=72.27pt=25.4mm, 1cm=28.453pt)

ABD: EverySelectfont initializing macros
LaTeX Info: Redefining \selectfont on input line 19.
 ABD: EveryShipout initializing macros

Package fontspec Info: Adjusting the maths setup (use [no-math] to avoid
(fontspec)             this).

\symlegacymaths=\mathgroup4
LaTeX Font Info:    Overwriting symbol font `legacymaths' in version `bold'
(Font)                  OT1/cmr/m/n --> OT1/cmr/bx/n on input line 19.
LaTeX Font Info:    Redeclaring math accent \acute on input line 19.
LaTeX Font Info:    Redeclaring math accent \grave on input line 19.
LaTeX Font Info:    Redeclaring math accent \ddot on input line 19.
LaTeX Font Info:    Redeclaring math accent \tilde on input line 19.
LaTeX Font Info:    Redeclaring math accent \bar on input line 19.
LaTeX Font Info:    Redeclaring math accent \breve on input line 19.
LaTeX Font Info:    Redeclaring math accent \check on input line 19.
LaTeX Font Info:    Redeclaring math accent \hat on input line 19.
LaTeX Font Info:    Redeclaring math accent \dot on input line 19.
LaTeX Font Info:    Redeclaring math accent \mathring on input line 19.
LaTeX Font Info:    Redeclaring math symbol \colon on input line 19.
LaTeX Font Info:    Redeclaring math symbol \Gamma on input line 19.
LaTeX Font Info:    Redeclaring math symbol \Delta on input line 19.
LaTeX Font Info:    Redeclaring math symbol \Theta on input line 19.
LaTeX Font Info:    Redeclaring math symbol \Lambda on input line 19.
LaTeX Font Info:    Redeclaring math symbol \Xi on input line 19.
LaTeX Font Info:    Redeclaring math symbol \Pi on input line 19.
LaTeX Font Info:    Redeclaring math symbol \Sigma on input line 19.
LaTeX Font Info:    Redeclaring math symbol \Upsilon on input line 19.
LaTeX Font Info:    Redeclaring math symbol \Phi on input line 19.
LaTeX Font Info:    Redeclaring math symbol \Psi on input line 19.
LaTeX Font Info:    Redeclaring math symbol \Omega on input line 19.
LaTeX Font Info:    Redeclaring math symbol \mathdollar on input line 19.
LaTeX Font Info:    Redeclaring symbol font `operators' on input line 19.
LaTeX Font Info:    Encoding `OT1' has changed to `TU' for symbol font
(Font)              `operators' in the math version `normal' on input line 19.
LaTeX Font Info:    Overwriting symbol font `operators' in version `normal'
(Font)                  OT1/cmr/m/n --> TU/lmr/m/n on input line 19.
LaTeX Font Info:    Encoding `OT1' has changed to `TU' for symbol font
(Font)              `operators' in the math version `bold' on input line 19.
LaTeX Font Info:    Overwriting symbol font `operators' in version `bold'
(Font)                  OT1/cmr/bx/n --> TU/lmr/m/n on input line 19.
LaTeX Font Info:    Overwriting symbol font `operators' in version `normal'
(Font)                  TU/lmr/m/n --> TU/lmr/m/n on input line 19.
LaTeX Font Info:    Overwriting math alphabet `\mathit' in version `normal'
(Font)                  OT1/cmr/m/it --> TU/lmr/m/it on input line 19.
LaTeX Font Info:    Overwriting math alphabet `\mathbf' in version `normal'
(Font)                  OT1/cmr/bx/n --> TU/lmr/b/n on input line 19.
LaTeX Font Info:    Overwriting math alphabet `\mathsf' in version `normal'
(Font)                  OT1/cmss/m/n --> TU/lmss/m/n on input line 19.
LaTeX Font Info:    Overwriting math alphabet `\mathtt' in version `normal'
(Font)                  OT1/cmtt/m/n --> TU/lmtt/m/n on input line 19.
LaTeX Font Info:    Overwriting symbol font `operators' in version `bold'
(Font)                  TU/lmr/m/n --> TU/lmr/b/n on input line 19.
LaTeX Font Info:    Overwriting math alphabet `\mathit' in version `bold'
(Font)                  OT1/cmr/bx/it --> TU/lmr/b/it on input line 19.
LaTeX Font Info:    Overwriting math alphabet `\mathsf' in version `bold'
(Font)                  OT1/cmss/bx/n --> TU/lmss/b/n on input line 19.
LaTeX Font Info:    Overwriting math alphabet `\mathtt' in version `bold'
(Font)                  OT1/cmtt/m/n --> TU/lmtt/b/n on input line 19.
luaotfload | cache : Lookup cache loaded from /linkhome/rech/gendkn01/ujn76wl/.t
exlive2020/texmf-var/luatex-cache/generic-dev/names/luaotfload-lookup-cache.luc.

Package fontspec Info: Font family 'NotoColorEmoji(0)' created for font 'Noto
(fontspec)             Color Emoji' with options
(fontspec)             [BoldFont={},ItalicFont={},SmallCapsFont={},Renderer=Harf
Buzz].
(fontspec)              
(fontspec)              This font family consists of the following NFSS
(fontspec)             series/shapes:
(fontspec)              
(fontspec)             - 'normal' (m/n) with NFSS spec.:
(fontspec)             <->"NotoColorEmoji:mode=harf;script=DFLT;language=dflt;"
(fontspec)             - 'small caps'  (m/sc) with NFSS spec.: 


(../../../rule_lib/rule_lib.tex

Package fontspec Info: Font family 'NotoColorEmoji.ttf(0)' created for font
(fontspec)             'NotoColorEmoji.ttf' with options
(fontspec)             [BoldFont={},ItalicFont={},SmallCapsFont={},Renderer=Harf
Buzz,Path=../../../fonts/noto-emoji/].
(fontspec)              
(fontspec)              This font family consists of the following NFSS
(fontspec)             series/shapes:
(fontspec)              
(fontspec)             - 'normal' (m/n) with NFSS spec.:
(fontspec)             <->"[../../../fonts/noto-emoji/NotoColorEmoji.ttf]:mode=h
arf;script=DFLT;language=dflt;"
(fontspec)             - 'small caps'  (m/sc) with NFSS spec.: 

\boxwidth=\skip266
\boxheight=\skip267
\boxx=\skip268
\boxy=\skip269
\boxspacex=\skip270
\boxspacey=\skip271
\coldotspace=\skip272
<logo_alpha.png, id=4, 1806.75pt x 626.34pt>
File: logo_alpha.png Graphic file (type png)
<use logo_alpha.png>
Package luatex.def Info: logo_alpha.png  used on input line 29.
(luatex.def)             Requested size: 152.22226pt x 52.7651pt.
<qr-code.png, id=5, 2263.45625pt x 2263.45625pt>
File: qr-code.png Graphic file (type png)
<use qr-code.png>
Package luatex.def Info: qr-code.png  used on input line 35.
(luatex.def)             Requested size: 40.64308pt x 40.61612pt.
<../../../rule_lib/french_crop.png, id=6, 481.8pt x 361.35pt>
File: ../../../rule_lib/french_crop.png Graphic file (type png)
<use ../../../rule_lib/french_crop.png>
Package luatex.def Info: ../../../rule_lib/french_crop.png  used on input line 3
8.
(luatex.def)             Requested size: 12.63016pt x 7.57588pt.
<../../../rule_lib/cards.png, id=7, 385.44pt x 385.44pt>
File: ../../../rule_lib/cards.png Graphic file (type png)
<use ../../../rule_lib/cards.png>
Package luatex.def Info: ../../../rule_lib/cards.png  used on input line 45.
(luatex.def)             Requested size: 15.22314pt x 15.22089pt.
<../../../rule_lib/group.png, id=8, 411.136pt x 411.136pt>
File: ../../../rule_lib/group.png Graphic file (type png)
<use ../../../rule_lib/group.png>
Package luatex.def Info: ../../../rule_lib/group.png  used on input line 55.
(luatex.def)             Requested size: 15.22314pt x 15.21931pt.
<../../../rule_lib/age.png, id=9, 385.44pt x 385.44pt>
File: ../../../rule_lib/age.png Graphic file (type png)
<use ../../../rule_lib/age.png>
Package luatex.def Info: ../../../rule_lib/age.png  used on input line 58.
(luatex.def)             Requested size: 15.22314pt x 15.22089pt.
<../../../rule_lib/clock.png, id=10, 385.44pt x 385.44pt>
File: ../../../rule_lib/clock.png Graphic file (type png)
<use ../../../rule_lib/clock.png>
Package luatex.def Info: ../../../rule_lib/clock.png  used on input line 61.
(luatex.def)             Requested size: 15.22314pt x 15.22089pt.
LaTeX Font Info:    External font `cmex10' loaded for size
(Font)              <8> on input line 62.
LaTeX Font Info:    External font `cmex10' loaded for size
(Font)              <6> on input line 62.
LaTeX Font Info:    External font `cmex10' loaded for size
(Font)              <5> on input line 62.

(/lustre/fshomisc/sup/hpe/spack_soft/texlive/20200406/gcc-8.4.1-dmlrkk2kzxnenha
lheplze6azx7sejn6/texmf-dist/tex/latex/microtype/mt-cmr.cfg
File: mt-cmr.cfg 2013/05/19 v2.2 microtype config. file: Computer Modern Roman (
RS)
))

LaTeX Font Warning: Font shape `TU/NotoColorEmoji.ttf(0)/bx/n' undefined
(Font)              using `TU/NotoColorEmoji.ttf(0)/m/n' instead on input line 2
3.

Package microtype Info: Loading generic protrusion settings for font family
(microtype)             `NotoColorEmoji.ttf' (encoding: TU).
(microtype)             For optimal results, create family-specific settings.
(microtype)             See the microtype manual for details.

Package microtype Warning: Unknown slot number of character
(microtype)                `\`A'
(microtype)                in font encoding `TU' in inheritance list
(microtype)                `microtype.cfg/376(protrusion)'.


Package microtype Warning: Unknown slot number of character
(microtype)                `\'A'
(microtype)                in font encoding `TU' in inheritance list
(microtype)                `microtype.cfg/376(protrusion)'.


Package microtype Warning: Unknown slot number of character
(microtype)                `\^A'
(microtype)                in font encoding `TU' in inheritance list
(microtype)                `microtype.cfg/376(protrusion)'.


Package microtype Warning: Unknown slot number of character
(microtype)                `\~A'
(microtype)                in font encoding `TU' in inheritance list
(microtype)                `microtype.cfg/376(protrusion)'.


Package microtype Warning: Unknown slot number of character
(microtype)                `\"A'
(microtype)                in font encoding `TU' in inheritance list
(microtype)                `microtype.cfg/376(protrusion)'.


Package microtype Warning: Unknown slot number of character
(microtype)                `\r A'
(microtype)                in font encoding `TU' in inheritance list
(microtype)                `microtype.cfg/376(protrusion)'.


Package microtype Warning: Unknown slot number of character
(microtype)                `\k A'
(microtype)                in font encoding `TU' in inheritance list
(microtype)                `microtype.cfg/376(protrusion)'.


Package microtype Warning: Unknown slot number of character
(microtype)                `\u A'
(microtype)                in font encoding `TU' in inheritance list
(microtype)                `microtype.cfg/376(protrusion)'.


Package microtype Warning: Unknown slot number of character
(microtype)                `\`a'
(microtype)                in font encoding `TU' in inheritance list
(microtype)                `microtype.cfg/376(protrusion)'.


Package microtype Warning: Unknown slot number of character
(microtype)                `\'a'
(microtype)                in font encoding `TU' in inheritance list
(microtype)                `microtype.cfg/376(protrusion)'.


Package microtype Warning: Unknown slot number of character
(microtype)                `\^a'
(microtype)                in font encoding `TU' in inheritance list
(microtype)                `microtype.cfg/376(protrusion)'.


Package microtype Warning: Unknown slot number of character
(microtype)                `\~a'
(microtype)                in font encoding `TU' in inheritance list
(microtype)                `microtype.cfg/376(protrusion)'.


Package microtype Warning: Unknown slot number of character
(microtype)                `\"a'
(microtype)                in font encoding `TU' in inheritance list
(microtype)                `microtype.cfg/376(protrusion)'.


Package microtype Warning: Unknown slot number of character
(microtype)                `\r a'
(microtype)                in font encoding `TU' in inheritance list
(microtype)                `microtype.cfg/376(protrusion)'.


Package microtype Warning: Unknown slot number of character
(microtype)                `\k a'
(microtype)                in font encoding `TU' in inheritance list
(microtype)                `microtype.cfg/376(protrusion)'.


Package microtype Warning: Unknown slot number of character
(microtype)                `\u a'
(microtype)                in font encoding `TU' in inheritance list
(microtype)                `microtype.cfg/376(protrusion)'.


Package microtype Warning: Unknown slot number of character
(microtype)                `\'C'
(microtype)                in font encoding `TU' in inheritance list
(microtype)                `microtype.cfg/376(protrusion)'.


Package microtype Warning: Unknown slot number of character
(microtype)                `\c C'
(microtype)                in font encoding `TU' in inheritance list
(microtype)                `microtype.cfg/376(protrusion)'.


Package microtype Warning: Unknown slot number of character
(microtype)                `\v C'
(microtype)                in font encoding `TU' in inheritance list
(microtype)                `microtype.cfg/376(protrusion)'.


Package microtype Warning: Unknown slot number of character
(microtype)                `\'c'
(microtype)                in font encoding `TU' in inheritance list
(microtype)                `microtype.cfg/376(protrusion)'.


Package microtype Warning: Unknown slot number of character
(microtype)                `\c c'
(microtype)                in font encoding `TU' in inheritance list
(microtype)                `microtype.cfg/376(protrusion)'.


Package microtype Warning: Unknown slot number of character
(microtype)                `\v c'
(microtype)                in font encoding `TU' in inheritance list
(microtype)                `microtype.cfg/376(protrusion)'.


Package microtype Warning: Unknown slot number of character
(microtype)                `\v D'
(microtype)                in font encoding `TU' in inheritance list
(microtype)                `microtype.cfg/376(protrusion)'.


Package microtype Warning: Unknown slot number of character
(microtype)                `\v d'
(microtype)                in font encoding `TU' in inheritance list
(microtype)                `microtype.cfg/376(protrusion)'.


Package microtype Warning: Unknown slot number of character
(microtype)                `\`E'
(microtype)                in font encoding `TU' in inheritance list
(microtype)                `microtype.cfg/376(protrusion)'.


Package microtype Warning: Unknown slot number of character
(microtype)                `\'E'
(microtype)                in font encoding `TU' in inheritance list
(microtype)                `microtype.cfg/376(protrusion)'.


Package microtype Warning: Unknown slot number of character
(microtype)                `\^E'
(microtype)                in font encoding `TU' in inheritance list
(microtype)                `microtype.cfg/376(protrusion)'.


Package microtype Warning: Unknown slot number of character
(microtype)                `\"E'
(microtype)                in font encoding `TU' in inheritance list
(microtype)                `microtype.cfg/376(protrusion)'.


Package microtype Warning: Unknown slot number of character
(microtype)                `\k E'
(microtype)                in font encoding `TU' in inheritance list
(microtype)                `microtype.cfg/376(protrusion)'.


Package microtype Warning: Unknown slot number of character
(microtype)                `\v E'
(microtype)                in font encoding `TU' in inheritance list
(microtype)                `microtype.cfg/376(protrusion)'.


Package microtype Warning: Unknown slot number of character
(microtype)                `\`e'
(microtype)                in font encoding `TU' in inheritance list
(microtype)                `microtype.cfg/376(protrusion)'.


Package microtype Warning: Unknown slot number of character
(microtype)                `\'e'
(microtype)                in font encoding `TU' in inheritance list
(microtype)                `microtype.cfg/376(protrusion)'.


Package microtype Warning: Unknown slot number of character
(microtype)                `\^e'
(microtype)                in font encoding `TU' in inheritance list
(microtype)                `microtype.cfg/376(protrusion)'.


Package microtype Warning: Unknown slot number of character
(microtype)                `\"e'
(microtype)                in font encoding `TU' in inheritance list
(microtype)                `microtype.cfg/376(protrusion)'.


Package microtype Warning: Unknown slot number of character
(microtype)                `\k e'
(microtype)                in font encoding `TU' in inheritance list
(microtype)                `microtype.cfg/376(protrusion)'.


Package microtype Warning: Unknown slot number of character
(microtype)                `\v e'
(microtype)                in font encoding `TU' in inheritance list
(microtype)                `microtype.cfg/376(protrusion)'.


Package microtype Warning: Unknown slot number of character
(microtype)                `\u G'
(microtype)                in font encoding `TU' in inheritance list
(microtype)                `microtype.cfg/376(protrusion)'.


Package microtype Warning: Unknown slot number of character
(microtype)                `\u g'
(microtype)                in font encoding `TU' in inheritance list
(microtype)                `microtype.cfg/376(protrusion)'.


Package microtype Warning: Unknown slot number of character
(microtype)                `\`I'
(microtype)                in font encoding `TU' in inheritance list
(microtype)                `microtype.cfg/376(protrusion)'.


Package microtype Warning: Unknown slot number of character
(microtype)                `\'I'
(microtype)                in font encoding `TU' in inheritance list
(microtype)                `microtype.cfg/376(protrusion)'.


Package microtype Warning: Unknown slot number of character
(microtype)                `\^I'
(microtype)                in font encoding `TU' in inheritance list
(microtype)                `microtype.cfg/376(protrusion)'.


Package microtype Warning: Unknown slot number of character
(microtype)                `\"I'
(microtype)                in font encoding `TU' in inheritance list
(microtype)                `microtype.cfg/376(protrusion)'.


Package microtype Warning: Unknown slot number of character
(microtype)                `\.I'
(microtype)                in font encoding `TU' in inheritance list
(microtype)                `microtype.cfg/376(protrusion)'.


Package microtype Warning: Unknown slot number of character
(microtype)                `\`i'
(microtype)                in font encoding `TU' in inheritance list
(microtype)                `microtype.cfg/376(protrusion)'.


Package microtype Warning: Unknown slot number of character
(microtype)                `\'i'
(microtype)                in font encoding `TU' in inheritance list
(microtype)                `microtype.cfg/376(protrusion)'.


Package microtype Warning: Unknown slot number of character
(microtype)                `\^i'
(microtype)                in font encoding `TU' in inheritance list
(microtype)                `microtype.cfg/376(protrusion)'.


Package microtype Warning: Unknown slot number of character
(microtype)                `\"i'
(microtype)                in font encoding `TU' in inheritance list
(microtype)                `microtype.cfg/376(protrusion)'.


Package microtype Warning: Unknown slot number of character
(microtype)                `\'L'
(microtype)                in font encoding `TU' in inheritance list
(microtype)                `microtype.cfg/376(protrusion)'.


Package microtype Warning: Unknown slot number of character
(microtype)                `\v L'
(microtype)                in font encoding `TU' in inheritance list
(microtype)                `microtype.cfg/376(protrusion)'.


Package microtype Warning: Unknown slot number of character
(microtype)                `\'l'
(microtype)                in font encoding `TU' in inheritance list
(microtype)                `microtype.cfg/376(protrusion)'.


Package microtype Warning: Unknown slot number of character
(microtype)                `\v l'
(microtype)                in font encoding `TU' in inheritance list
(microtype)                `microtype.cfg/376(protrusion)'.


Package microtype Warning: Unknown slot number of character
(microtype)                `\'N'
(microtype)                in font encoding `TU' in inheritance list
(microtype)                `microtype.cfg/376(protrusion)'.


Package microtype Warning: Unknown slot number of character
(microtype)                `\~N'
(microtype)                in font encoding `TU' in inheritance list
(microtype)                `microtype.cfg/376(protrusion)'.


Package microtype Warning: Unknown slot number of character
(microtype)                `\v N'
(microtype)                in font encoding `TU' in inheritance list
(microtype)                `microtype.cfg/376(protrusion)'.


Package microtype Warning: Unknown slot number of character
(microtype)                `\'n'
(microtype)                in font encoding `TU' in inheritance list
(microtype)                `microtype.cfg/376(protrusion)'.


Package microtype Warning: Unknown slot number of character
(microtype)                `\~n'
(microtype)                in font encoding `TU' in inheritance list
(microtype)                `microtype.cfg/376(protrusion)'.


Package microtype Warning: Unknown slot number of character
(microtype)                `\v n'
(microtype)                in font encoding `TU' in inheritance list
(microtype)                `microtype.cfg/376(protrusion)'.


Package microtype Warning: Unknown slot number of character
(microtype)                `\`O'
(microtype)                in font encoding `TU' in inheritance list
(microtype)                `microtype.cfg/376(protrusion)'.


Package microtype Warning: Unknown slot number of character
(microtype)                `\'O'
(microtype)                in font encoding `TU' in inheritance list
(microtype)                `microtype.cfg/376(protrusion)'.


Package microtype Warning: Unknown slot number of character
(microtype)                `\^O'
(microtype)                in font encoding `TU' in inheritance list
(microtype)                `microtype.cfg/376(protrusion)'.


Package microtype Warning: Unknown slot number of character
(microtype)                `\~O'
(microtype)                in font encoding `TU' in inheritance list
(microtype)                `microtype.cfg/376(protrusion)'.


Package microtype Warning: Unknown slot number of character
(microtype)                `\"O'
(microtype)                in font encoding `TU' in inheritance list
(microtype)                `microtype.cfg/376(protrusion)'.


Package microtype Warning: Unknown slot number of character
(microtype)                `\H O'
(microtype)                in font encoding `TU' in inheritance list
(microtype)                `microtype.cfg/376(protrusion)'.


Package microtype Warning: Unknown slot number of character
(microtype)                `\`o'
(microtype)                in font encoding `TU' in inheritance list
(microtype)                `microtype.cfg/376(protrusion)'.


Package microtype Warning: Unknown slot number of character
(microtype)                `\'o'
(microtype)                in font encoding `TU' in inheritance list
(microtype)                `microtype.cfg/376(protrusion)'.


Package microtype Warning: Unknown slot number of character
(microtype)                `\^o'
(microtype)                in font encoding `TU' in inheritance list
(microtype)                `microtype.cfg/376(protrusion)'.


Package microtype Warning: Unknown slot number of character
(microtype)                `\~o'
(microtype)                in font encoding `TU' in inheritance list
(microtype)                `microtype.cfg/376(protrusion)'.


Package microtype Warning: Unknown slot number of character
(microtype)                `\"o'
(microtype)                in font encoding `TU' in inheritance list
(microtype)                `microtype.cfg/376(protrusion)'.


Package microtype Warning: Unknown slot number of character
(microtype)                `\H o'
(microtype)                in font encoding `TU' in inheritance list
(microtype)                `microtype.cfg/376(protrusion)'.


Package microtype Warning: Unknown slot number of character
(microtype)                `\'R'
(microtype)                in font encoding `TU' in inheritance list
(microtype)                `microtype.cfg/376(protrusion)'.


Package microtype Warning: Unknown slot number of character
(microtype)                `\v R'
(microtype)                in font encoding `TU' in inheritance list
(microtype)                `microtype.cfg/376(protrusion)'.


Package microtype Warning: Unknown slot number of character
(microtype)                `\'r'
(microtype)                in font encoding `TU' in inheritance list
(microtype)                `microtype.cfg/376(protrusion)'.


Package microtype Warning: Unknown slot number of character
(microtype)                `\v r'
(microtype)                in font encoding `TU' in inheritance list
(microtype)                `microtype.cfg/376(protrusion)'.


Package microtype Warning: Unknown slot number of character
(microtype)                `\'S'
(microtype)                in font encoding `TU' in inheritance list
(microtype)                `microtype.cfg/376(protrusion)'.


Package microtype Warning: Unknown slot number of character
(microtype)                `\c S'
(microtype)                in font encoding `TU' in inheritance list
(microtype)                `microtype.cfg/376(protrusion)'.


Package microtype Warning: Unknown slot number of character
(microtype)                `\v S'
(microtype)                in font encoding `TU' in inheritance list
(microtype)                `microtype.cfg/376(protrusion)'.


Package microtype Warning: Unknown slot number of character
(microtype)                `\'s'
(microtype)                in font encoding `TU' in inheritance list
(microtype)                `microtype.cfg/376(protrusion)'.


Package microtype Warning: Unknown slot number of character
(microtype)                `\c s'
(microtype)                in font encoding `TU' in inheritance list
(microtype)                `microtype.cfg/376(protrusion)'.


Package microtype Warning: Unknown slot number of character
(microtype)                `\v s'
(microtype)                in font encoding `TU' in inheritance list
(microtype)                `microtype.cfg/376(protrusion)'.


Package microtype Warning: Unknown slot number of character
(microtype)                `\c T'
(microtype)                in font encoding `TU' in inheritance list
(microtype)                `microtype.cfg/376(protrusion)'.


Package microtype Warning: Unknown slot number of character
(microtype)                `\v T'
(microtype)                in font encoding `TU' in inheritance list
(microtype)                `microtype.cfg/376(protrusion)'.


Package microtype Warning: Unknown slot number of character
(microtype)                `\c t'
(microtype)                in font encoding `TU' in inheritance list
(microtype)                `microtype.cfg/376(protrusion)'.


Package microtype Warning: Unknown slot number of character
(microtype)                `\v t'
(microtype)                in font encoding `TU' in inheritance list
(microtype)                `microtype.cfg/376(protrusion)'.


Package microtype Warning: Unknown slot number of character
(microtype)                `\`U'
(microtype)                in font encoding `TU' in inheritance list
(microtype)                `microtype.cfg/376(protrusion)'.


Package microtype Warning: Unknown slot number of character
(microtype)                `\'U'
(microtype)                in font encoding `TU' in inheritance list
(microtype)                `microtype.cfg/376(protrusion)'.


Package microtype Warning: Unknown slot number of character
(microtype)                `\^U'
(microtype)                in font encoding `TU' in inheritance list
(microtype)                `microtype.cfg/376(protrusion)'.


Package microtype Warning: Unknown slot number of character
(microtype)                `\"U'
(microtype)                in font encoding `TU' in inheritance list
(microtype)                `microtype.cfg/376(protrusion)'.


Package microtype Warning: Unknown slot number of character
(microtype)                `\H U'
(microtype)                in font encoding `TU' in inheritance list
(microtype)                `microtype.cfg/376(protrusion)'.


Package microtype Warning: Unknown slot number of character
(microtype)                `\r U'
(microtype)                in font encoding `TU' in inheritance list
(microtype)                `microtype.cfg/376(protrusion)'.


Package microtype Warning: Unknown slot number of character
(microtype)                `\`u'
(microtype)                in font encoding `TU' in inheritance list
(microtype)                `microtype.cfg/376(protrusion)'.


Package microtype Warning: Unknown slot number of character
(microtype)                `\'u'
(microtype)                in font encoding `TU' in inheritance list
(microtype)                `microtype.cfg/376(protrusion)'.


Package microtype Warning: Unknown slot number of character
(microtype)                `\^u'
(microtype)                in font encoding `TU' in inheritance list
(microtype)                `microtype.cfg/376(protrusion)'.


Package microtype Warning: Unknown slot number of character
(microtype)                `\"u'
(microtype)                in font encoding `TU' in inheritance list
(microtype)                `microtype.cfg/376(protrusion)'.


Package microtype Warning: Unknown slot number of character
(microtype)                `\H u'
(microtype)                in font encoding `TU' in inheritance list
(microtype)                `microtype.cfg/376(protrusion)'.


Package microtype Warning: Unknown slot number of character
(microtype)                `\r u'
(microtype)                in font encoding `TU' in inheritance list
(microtype)                `microtype.cfg/376(protrusion)'.


Package microtype Warning: Unknown slot number of character
(microtype)                `\'Y'
(microtype)                in font encoding `TU' in inheritance list
(microtype)                `microtype.cfg/376(protrusion)'.


Package microtype Warning: Unknown slot number of character
(microtype)                `\"Y'
(microtype)                in font encoding `TU' in inheritance list
(microtype)                `microtype.cfg/376(protrusion)'.


Package microtype Warning: Unknown slot number of character
(microtype)                `\'y'
(microtype)                in font encoding `TU' in inheritance list
(microtype)                `microtype.cfg/376(protrusion)'.


Package microtype Warning: Unknown slot number of character
(microtype)                `\"y'
(microtype)                in font encoding `TU' in inheritance list
(microtype)                `microtype.cfg/376(protrusion)'.


Package microtype Warning: Unknown slot number of character
(microtype)                `\'Z'
(microtype)                in font encoding `TU' in inheritance list
(microtype)                `microtype.cfg/376(protrusion)'.


Package microtype Warning: Unknown slot number of character
(microtype)                `\.Z'
(microtype)                in font encoding `TU' in inheritance list
(microtype)                `microtype.cfg/376(protrusion)'.


Package microtype Warning: Unknown slot number of character
(microtype)                `\v Z'
(microtype)                in font encoding `TU' in inheritance list
(microtype)                `microtype.cfg/376(protrusion)'.


Package microtype Warning: Unknown slot number of character
(microtype)                `\'z'
(microtype)                in font encoding `TU' in inheritance list
(microtype)                `microtype.cfg/376(protrusion)'.


Package microtype Warning: Unknown slot number of character
(microtype)                `\.z'
(microtype)                in font encoding `TU' in inheritance list
(microtype)                `microtype.cfg/376(protrusion)'.


Package microtype Warning: Unknown slot number of character
(microtype)                `\v z'
(microtype)                in font encoding `TU' in inheritance list
(microtype)                `microtype.cfg/376(protrusion)'.

Package microtype Info: Character `A' is missing
(microtype)             in font `TU/NotoColorEmoji.ttf(0)/m/n/8'.
(microtype)             Ignoring protrusion settings for this character.
Package microtype Info: Character `F' is missing
(microtype)             in font `TU/NotoColorEmoji.ttf(0)/m/n/8'.
(microtype)             Ignoring protrusion settings for this character.
Package microtype Info: Character `J' is missing
(microtype)             in font `TU/NotoColorEmoji.ttf(0)/m/n/8'.
(microtype)             Ignoring protrusion settings for this character.
Package microtype Info: Character `K' is missing
(microtype)             in font `TU/NotoColorEmoji.ttf(0)/m/n/8'.
(microtype)             Ignoring protrusion settings for this character.
Package microtype Info: Character `L' is missing
(microtype)             in font `TU/NotoColorEmoji.ttf(0)/m/n/8'.
(microtype)             Ignoring protrusion settings for this character.
Package microtype Info: Character `T' is missing
(microtype)             in font `TU/NotoColorEmoji.ttf(0)/m/n/8'.
(microtype)             Ignoring protrusion settings for this character.
Package microtype Info: Character `V' is missing
(microtype)             in font `TU/NotoColorEmoji.ttf(0)/m/n/8'.
(microtype)             Ignoring protrusion settings for this character.
Package microtype Info: Character `W' is missing
(microtype)             in font `TU/NotoColorEmoji.ttf(0)/m/n/8'.
(microtype)             Ignoring protrusion settings for this character.
Package microtype Info: Character `X' is missing
(microtype)             in font `TU/NotoColorEmoji.ttf(0)/m/n/8'.
(microtype)             Ignoring protrusion settings for this character.
Package microtype Info: Character `Y' is missing
(microtype)             in font `TU/NotoColorEmoji.ttf(0)/m/n/8'.
(microtype)             Ignoring protrusion settings for this character.
Package microtype Info: Character `k' is missing
(microtype)             in font `TU/NotoColorEmoji.ttf(0)/m/n/8'.
(microtype)             Ignoring protrusion settings for this character.
Package microtype Info: Character `r' is missing
(microtype)             in font `TU/NotoColorEmoji.ttf(0)/m/n/8'.
(microtype)             Ignoring protrusion settings for this character.
Package microtype Info: Character `v' is missing
(microtype)             in font `TU/NotoColorEmoji.ttf(0)/m/n/8'.
(microtype)             Ignoring protrusion settings for this character.
Package microtype Info: Character `w' is missing
(microtype)             in font `TU/NotoColorEmoji.ttf(0)/m/n/8'.
(microtype)             Ignoring protrusion settings for this character.
Package microtype Info: Character `x' is missing
(microtype)             in font `TU/NotoColorEmoji.ttf(0)/m/n/8'.
(microtype)             Ignoring protrusion settings for this character.
Package microtype Info: Character `y' is missing
(microtype)             in font `TU/NotoColorEmoji.ttf(0)/m/n/8'.
(microtype)             Ignoring protrusion settings for this character.
Package microtype Info: Character `.' is missing
(microtype)             in font `TU/NotoColorEmoji.ttf(0)/m/n/8'.
(microtype)             Ignoring protrusion settings for this character.
Package microtype Info: Character `,' is missing
(microtype)             in font `TU/NotoColorEmoji.ttf(0)/m/n/8'.
(microtype)             Ignoring protrusion settings for this character.
Package microtype Info: Character `:' is missing
(microtype)             in font `TU/NotoColorEmoji.ttf(0)/m/n/8'.
(microtype)             Ignoring protrusion settings for this character.
Package microtype Info: Character `;' is missing
(microtype)             in font `TU/NotoColorEmoji.ttf(0)/m/n/8'.
(microtype)             Ignoring protrusion settings for this character.
Package microtype Info: Character `!' is missing
(microtype)             in font `TU/NotoColorEmoji.ttf(0)/m/n/8'.
(microtype)             Ignoring protrusion settings for this character.
Package microtype Info: Character `?' is missing
(microtype)             in font `TU/NotoColorEmoji.ttf(0)/m/n/8'.
(microtype)             Ignoring protrusion settings for this character.
Package microtype Info: Character `@' is missing
(microtype)             in font `TU/NotoColorEmoji.ttf(0)/m/n/8'.
(microtype)             Ignoring protrusion settings for this character.
Package microtype Info: Character `~ (= ~)' is missing
(microtype)             in font `TU/NotoColorEmoji.ttf(0)/m/n/8'.
(microtype)             Ignoring protrusion settings for this character.
Package microtype Info: Character `%' is missing
(microtype)             in font `TU/NotoColorEmoji.ttf(0)/m/n/8'.
(microtype)             Ignoring protrusion settings for this character.
Package microtype Info: Character `+' is missing
(microtype)             in font `TU/NotoColorEmoji.ttf(0)/m/n/8'.
(microtype)             Ignoring protrusion settings for this character.
Package microtype Info: Character `(' is missing
(microtype)             in font `TU/NotoColorEmoji.ttf(0)/m/n/8'.
(microtype)             Ignoring protrusion settings for this character.
Package microtype Info: Character `)' is missing
(microtype)             in font `TU/NotoColorEmoji.ttf(0)/m/n/8'.
(microtype)             Ignoring protrusion settings for this character.
Package microtype Info: Character `/' is missing
(microtype)             in font `TU/NotoColorEmoji.ttf(0)/m/n/8'.
(microtype)             Ignoring protrusion settings for this character.
Package microtype Info: Character `-' is missing
(microtype)             in font `TU/NotoColorEmoji.ttf(0)/m/n/8'.
(microtype)             Ignoring protrusion settings for this character.
Package microtype Info: Character `textendash ' is missing
(microtype)             in font `TU/NotoColorEmoji.ttf(0)/m/n/8'.
(microtype)             Ignoring protrusion settings for this character.
Package microtype Info: Character `textemdash ' is missing
(microtype)             in font `TU/NotoColorEmoji.ttf(0)/m/n/8'.
(microtype)             Ignoring protrusion settings for this character.
Package microtype Info: Character `textquoteleft ' is missing
(microtype)             in font `TU/NotoColorEmoji.ttf(0)/m/n/8'.
(microtype)             Ignoring protrusion settings for this character.
Package microtype Info: Character `textquoteright ' is missing
(microtype)             in font `TU/NotoColorEmoji.ttf(0)/m/n/8'.
(microtype)             Ignoring protrusion settings for this character.
Package microtype Info: Character `textquotedblleft ' is missing
(microtype)             in font `TU/NotoColorEmoji.ttf(0)/m/n/8'.
(microtype)             Ignoring protrusion settings for this character.
Package microtype Info: Character `textquotedblright ' is missing
(microtype)             in font `TU/NotoColorEmoji.ttf(0)/m/n/8'.
(microtype)             Ignoring protrusion settings for this character.
Package microtype Info: Character `AE ' is missing
(microtype)             in font `TU/NotoColorEmoji.ttf(0)/m/n/8'.
(microtype)             Ignoring protrusion settings for this character.
Package microtype Info: Character `_' is missing
(microtype)             in font `TU/NotoColorEmoji.ttf(0)/m/n/8'.
(microtype)             Ignoring protrusion settings for this character.
Package microtype Info: Character `textbackslash ' is missing
(microtype)             in font `TU/NotoColorEmoji.ttf(0)/m/n/8'.
(microtype)             Ignoring protrusion settings for this character.
Package microtype Info: Character `quotesinglbase ' is missing
(microtype)             in font `TU/NotoColorEmoji.ttf(0)/m/n/8'.
(microtype)             Ignoring protrusion settings for this character.
Package microtype Info: Character `quotedblbase ' is missing
(microtype)             in font `TU/NotoColorEmoji.ttf(0)/m/n/8'.
(microtype)             Ignoring protrusion settings for this character.
Package microtype Info: Character `guilsinglleft ' is missing
(microtype)             in font `TU/NotoColorEmoji.ttf(0)/m/n/8'.
(microtype)             Ignoring protrusion settings for this character.
Package microtype Info: Character `guilsinglright ' is missing
(microtype)             in font `TU/NotoColorEmoji.ttf(0)/m/n/8'.
(microtype)             Ignoring protrusion settings for this character.
Package microtype Info: Character `guillemotleft ' is missing
(microtype)             in font `TU/NotoColorEmoji.ttf(0)/m/n/8'.
(microtype)             Ignoring protrusion settings for this character.
Package microtype Info: Character `guillemotright ' is missing
(microtype)             in font `TU/NotoColorEmoji.ttf(0)/m/n/8'.
(microtype)             Ignoring protrusion settings for this character.
Package microtype Info: Character `textexclamdown ' is missing
(microtype)             in font `TU/NotoColorEmoji.ttf(0)/m/n/8'.
(microtype)             Ignoring protrusion settings for this character.
Package microtype Info: Character `textquestiondown ' is missing
(microtype)             in font `TU/NotoColorEmoji.ttf(0)/m/n/8'.
(microtype)             Ignoring protrusion settings for this character.
Package microtype Info: Character `textbraceleft ' is missing
(microtype)             in font `TU/NotoColorEmoji.ttf(0)/m/n/8'.
(microtype)             Ignoring protrusion settings for this character.
Package microtype Info: Character `textbraceright ' is missing
(microtype)             in font `TU/NotoColorEmoji.ttf(0)/m/n/8'.
(microtype)             Ignoring protrusion settings for this character.
Package microtype Info: Character `textless ' is missing
(microtype)             in font `TU/NotoColorEmoji.ttf(0)/m/n/8'.
(microtype)             Ignoring protrusion settings for this character.
Package microtype Info: Character `textgreater ' is missing
(microtype)             in font `TU/NotoColorEmoji.ttf(0)/m/n/8'.
(microtype)             Ignoring protrusion settings for this character.
Package microtype Info: Character `A' is missing
(microtype)             in font `TU/NotoColorEmoji.ttf(0)/bx/n/8'.
(microtype)             Ignoring protrusion settings for this character.
Package microtype Info: Character `F' is missing
(microtype)             in font `TU/NotoColorEmoji.ttf(0)/bx/n/8'.
(microtype)             Ignoring protrusion settings for this character.
Package microtype Info: Character `J' is missing
(microtype)             in font `TU/NotoColorEmoji.ttf(0)/bx/n/8'.
(microtype)             Ignoring protrusion settings for this character.
Package microtype Info: Character `K' is missing
(microtype)             in font `TU/NotoColorEmoji.ttf(0)/bx/n/8'.
(microtype)             Ignoring protrusion settings for this character.
Package microtype Info: Character `L' is missing
(microtype)             in font `TU/NotoColorEmoji.ttf(0)/bx/n/8'.
(microtype)             Ignoring protrusion settings for this character.
Package microtype Info: Character `T' is missing
(microtype)             in font `TU/NotoColorEmoji.ttf(0)/bx/n/8'.
(microtype)             Ignoring protrusion settings for this character.
Package microtype Info: Character `V' is missing
(microtype)             in font `TU/NotoColorEmoji.ttf(0)/bx/n/8'.
(microtype)             Ignoring protrusion settings for this character.
Package microtype Info: Character `W' is missing
(microtype)             in font `TU/NotoColorEmoji.ttf(0)/bx/n/8'.
(microtype)             Ignoring protrusion settings for this character.
Package microtype Info: Character `X' is missing
(microtype)             in font `TU/NotoColorEmoji.ttf(0)/bx/n/8'.
(microtype)             Ignoring protrusion settings for this character.
Package microtype Info: Character `Y' is missing
(microtype)             in font `TU/NotoColorEmoji.ttf(0)/bx/n/8'.
(microtype)             Ignoring protrusion settings for this character.
Package microtype Info: Character `k' is missing
(microtype)             in font `TU/NotoColorEmoji.ttf(0)/bx/n/8'.
(microtype)             Ignoring protrusion settings for this character.
Package microtype Info: Character `r' is missing
(microtype)             in font `TU/NotoColorEmoji.ttf(0)/bx/n/8'.
(microtype)             Ignoring protrusion settings for this character.
Package microtype Info: Character `v' is missing
(microtype)             in font `TU/NotoColorEmoji.ttf(0)/bx/n/8'.
(microtype)             Ignoring protrusion settings for this character.
Package microtype Info: Character `w' is missing
(microtype)             in font `TU/NotoColorEmoji.ttf(0)/bx/n/8'.
(microtype)             Ignoring protrusion settings for this character.
Package microtype Info: Character `x' is missing
(microtype)             in font `TU/NotoColorEmoji.ttf(0)/bx/n/8'.
(microtype)             Ignoring protrusion settings for this character.
Package microtype Info: Character `y' is missing
(microtype)             in font `TU/NotoColorEmoji.ttf(0)/bx/n/8'.
(microtype)             Ignoring protrusion settings for this character.
Package microtype Info: Character `.' is missing
(microtype)             in font `TU/NotoColorEmoji.ttf(0)/bx/n/8'.
(microtype)             Ignoring protrusion settings for this character.
Package microtype Info: Character `,' is missing
(microtype)             in font `TU/NotoColorEmoji.ttf(0)/bx/n/8'.
(microtype)             Ignoring protrusion settings for this character.
Package microtype Info: Character `:' is missing
(microtype)             in font `TU/NotoColorEmoji.ttf(0)/bx/n/8'.
(microtype)             Ignoring protrusion settings for this character.
Package microtype Info: Character `;' is missing
(microtype)             in font `TU/NotoColorEmoji.ttf(0)/bx/n/8'.
(microtype)             Ignoring protrusion settings for this character.
Package microtype Info: Character `!' is missing
(microtype)             in font `TU/NotoColorEmoji.ttf(0)/bx/n/8'.
(microtype)             Ignoring protrusion settings for this character.
Package microtype Info: Character `?' is missing
(microtype)             in font `TU/NotoColorEmoji.ttf(0)/bx/n/8'.
(microtype)             Ignoring protrusion settings for this character.
Package microtype Info: Character `@' is missing
(microtype)             in font `TU/NotoColorEmoji.ttf(0)/bx/n/8'.
(microtype)             Ignoring protrusion settings for this character.
Package microtype Info: Character `~ (= ~)' is missing
(microtype)             in font `TU/NotoColorEmoji.ttf(0)/bx/n/8'.
(microtype)             Ignoring protrusion settings for this character.
Package microtype Info: Character `%' is missing
(microtype)             in font `TU/NotoColorEmoji.ttf(0)/bx/n/8'.
(microtype)             Ignoring protrusion settings for this character.
Package microtype Info: Character `+' is missing
(microtype)             in font `TU/NotoColorEmoji.ttf(0)/bx/n/8'.
(microtype)             Ignoring protrusion settings for this character.
Package microtype Info: Character `(' is missing
(microtype)             in font `TU/NotoColorEmoji.ttf(0)/bx/n/8'.
(microtype)             Ignoring protrusion settings for this character.
Package microtype Info: Character `)' is missing
(microtype)             in font `TU/NotoColorEmoji.ttf(0)/bx/n/8'.
(microtype)             Ignoring protrusion settings for this character.
Package microtype Info: Character `/' is missing
(microtype)             in font `TU/NotoColorEmoji.ttf(0)/bx/n/8'.
(microtype)             Ignoring protrusion settings for this character.
Package microtype Info: Character `-' is missing
(microtype)             in font `TU/NotoColorEmoji.ttf(0)/bx/n/8'.
(microtype)             Ignoring protrusion settings for this character.
Package microtype Info: Character `textendash ' is missing
(microtype)             in font `TU/NotoColorEmoji.ttf(0)/bx/n/8'.
(microtype)             Ignoring protrusion settings for this character.
Package microtype Info: Character `textemdash ' is missing
(microtype)             in font `TU/NotoColorEmoji.ttf(0)/bx/n/8'.
(microtype)             Ignoring protrusion settings for this character.
Package microtype Info: Character `textquoteleft ' is missing
(microtype)             in font `TU/NotoColorEmoji.ttf(0)/bx/n/8'.
(microtype)             Ignoring protrusion settings for this character.
Package microtype Info: Character `textquoteright ' is missing
(microtype)             in font `TU/NotoColorEmoji.ttf(0)/bx/n/8'.
(microtype)             Ignoring protrusion settings for this character.
Package microtype Info: Character `textquotedblleft ' is missing
(microtype)             in font `TU/NotoColorEmoji.ttf(0)/bx/n/8'.
(microtype)             Ignoring protrusion settings for this character.
Package microtype Info: Character `textquotedblright ' is missing
(microtype)             in font `TU/NotoColorEmoji.ttf(0)/bx/n/8'.
(microtype)             Ignoring protrusion settings for this character.
Package microtype Info: Character `AE ' is missing
(microtype)             in font `TU/NotoColorEmoji.ttf(0)/bx/n/8'.
(microtype)             Ignoring protrusion settings for this character.
Package microtype Info: Character `_' is missing
(microtype)             in font `TU/NotoColorEmoji.ttf(0)/bx/n/8'.
(microtype)             Ignoring protrusion settings for this character.
Package microtype Info: Character `textbackslash ' is missing
(microtype)             in font `TU/NotoColorEmoji.ttf(0)/bx/n/8'.
(microtype)             Ignoring protrusion settings for this character.
Package microtype Info: Character `quotesinglbase ' is missing
(microtype)             in font `TU/NotoColorEmoji.ttf(0)/bx/n/8'.
(microtype)             Ignoring protrusion settings for this character.
Package microtype Info: Character `quotedblbase ' is missing
(microtype)             in font `TU/NotoColorEmoji.ttf(0)/bx/n/8'.
(microtype)             Ignoring protrusion settings for this character.
Package microtype Info: Character `guilsinglleft ' is missing
(microtype)             in font `TU/NotoColorEmoji.ttf(0)/bx/n/8'.
(microtype)             Ignoring protrusion settings for this character.
Package microtype Info: Character `guilsinglright ' is missing
(microtype)             in font `TU/NotoColorEmoji.ttf(0)/bx/n/8'.
(microtype)             Ignoring protrusion settings for this character.
Package microtype Info: Character `guillemotleft ' is missing
(microtype)             in font `TU/NotoColorEmoji.ttf(0)/bx/n/8'.
(microtype)             Ignoring protrusion settings for this character.
Package microtype Info: Character `guillemotright ' is missing
(microtype)             in font `TU/NotoColorEmoji.ttf(0)/bx/n/8'.
(microtype)             Ignoring protrusion settings for this character.
Package microtype Info: Character `textexclamdown ' is missing
(microtype)             in font `TU/NotoColorEmoji.ttf(0)/bx/n/8'.
(microtype)             Ignoring protrusion settings for this character.
Package microtype Info: Character `textquestiondown ' is missing
(microtype)             in font `TU/NotoColorEmoji.ttf(0)/bx/n/8'.
(microtype)             Ignoring protrusion settings for this character.
Package microtype Info: Character `textbraceleft ' is missing
(microtype)             in font `TU/NotoColorEmoji.ttf(0)/bx/n/8'.
(microtype)             Ignoring protrusion settings for this character.
Package microtype Info: Character `textbraceright ' is missing
(microtype)             in font `TU/NotoColorEmoji.ttf(0)/bx/n/8'.
(microtype)             Ignoring protrusion settings for this character.
Package microtype Info: Character `textless ' is missing
(microtype)             in font `TU/NotoColorEmoji.ttf(0)/bx/n/8'.
(microtype)             Ignoring protrusion settings for this character.
Package microtype Info: Character `textgreater ' is missing
(microtype)             in font `TU/NotoColorEmoji.ttf(0)/bx/n/8'.
(microtype)             Ignoring protrusion settings for this character.

Underfull \hbox (badness 10000) in paragraph at lines 66--38

 []


Underfull \hbox (badness 10000) in paragraph at lines 66--38

 []


Underfull \hbox (badness 10000) in paragraph at lines 66--38

 []


Underfull \hbox (badness 10000) in paragraph at lines 66--38

 []


Underfull \hbox (badness 10000) in paragraph at lines 66--38

 []

[1

{/lustre/fshomisc/sup/hpe/spack_soft/texlive/20200406/gcc-8.4.1-dmlrkk2kzxnenhal
heplze6azx7sejn6/texmf-dist/fonts/map/pdftex/updmap/pdftex.map}<./logo_alpha.png
><./qr-code.png><../../../rule_lib/french_crop.png><../../../rule_lib/cards.png>
<../../../rule_lib/group.png><../../../rule_lib/age.png><../../../rule_lib/clock
.png></tmp/lua_LyLTkR></tmp/lua_UAqeDE></tmp/lua_Lc04m1>]
Underfull \hbox (badness 10000) in paragraph at lines 45--56

 []


Underfull \hbox (badness 10000) in paragraph at lines 45--56

 []

[2</tmp/lua_zRzy0k></tmp/lua_wBj7ef></tmp/lua_j6te3G></tmp/lua_6WvJZn>]
(./rule.aux)

LaTeX Font Warning: Some font shapes were not available, defaults substituted.

)

Here is how much of LuaTeX's memory you used:
 25431 strings out of 480992
 100000,953878 words of node,token memory allocated
 1164 words of node memory still in use:
   3 hlist, 1 vlist, 1 rule, 2 glue, 3 kern, 1 glyph, 7 attribute, 196 glue_spec
, 7 attribute_list, 3 write nodes
   avail lists: 2:1358,3:388,4:22,5:104,6:10,7:1006,8:3,9:278,10:7,11:27
 42238 multiletter control sequences out of 65536+600000
 48 fonts using 8539603 bytes
 72i,11n,71p,465b,867s stack positions out of 5000i,500n,10000p,200000b,100000s
</lustre/fshomisc/sup/hpe/spack_soft/texlive/20200406/gcc-8.4.1-dmlrkk2kzxnenhal
heplze6azx7sejn6/texmf-dist/fonts/opentype/public/lm/lmroman10-regular.otf></lus
tre/fshomisc/sup/hpe/spack_soft/texlive/20200406/gcc-8.4.1-dmlrkk2kzxnenhalheplz
e6azx7sejn6/texmf-dist/fonts/opentype/public/lm/lmroman8-bold.otf></lustre/fshom
isc/sup/hpe/spack_soft/texlive/20200406/gcc-8.4.1-dmlrkk2kzxnenhalheplze6azx7sej
n6/texmf-dist/fonts/opentype/public/lm/lmroman8-regular.otf></lustre/fshomisc/su
p/hpe/spack_soft/texlive/20200406/gcc-8.4.1-dmlrkk2kzxnenhalheplze6azx7sejn6/tex
mf-dist/fonts/type1/public/amsfonts/cm/cmsy6.pfb>
Output written on rule.pdf (2 pages, 783573 bytes).

PDF statistics: 71 PDF objects out of 1000 (max. 8388607)
 24 compressed objects within 1 object stream
 0 named destinations out of 1000 (max. 131072)
 16 words of extra memory for PDF output out of 10000 (max. 100000000)

